2020-11-18 16:51:00[INFO] 
[Env initialized][Metric rate: 399570.0 resp: 0.001]
2020-11-18 16:51:00[INFO] [ddpg] Action: [0.5105418  0.4877311  0.48892224 0.48499694 0.50659984 0.4715006
 0.5046341  0.4996186  0.51904756 0.48904097 0.49397475 0.49423355
 0.5216685  0.52953696 0.50019526 0.4925217  0.49342012 0.43416014
 0.49834993 0.5095476  0.50255626 0.511883   0.5028331  0.48211727
 0.46988636 0.49622586 0.53678185 0.49162978 0.5101528  0.5297322
 0.50971603 0.49826688 0.4787833  0.50269    0.52575624 0.49024817
 0.53719413 0.46227476 0.50754774 0.51365566 0.49740943 0.5035823
 0.47299308 0.48062667 0.50011414 0.483725   0.5031248  0.47866762
 0.518484   0.54156536 0.47079107 0.5177512  0.50549906 0.49104792
 0.48257095 0.50456786 0.4817468  0.48261216 0.4637591  0.4624459
 0.47504196 0.45089343 0.4711001  0.49052745 0.50961006 0.5080996
 0.49314943 0.47391573 0.5158822  0.5345668  0.4617092  0.5208219
 0.5344327  0.5055667  0.54424465 0.45960265 0.46340185 0.53627664
 0.48644575 0.5211517  0.48670256 0.5123912  0.46469423 0.50383466
 0.53060365 0.4781961  0.5239403  0.53380615 0.49143714 0.5057838
 0.502402   0.4918493  0.45231047 0.52353096 0.4997299  0.4826187
 0.5090608  0.49882177 0.5398533  0.52119976 0.51175    0.49254957
 0.5263175  0.53098595 0.5062023  0.48656002 0.49945694 0.51957417
 0.48453605 0.5387151  0.51714593 0.49576727 0.5128077  0.49663863
 0.5201672  0.5165343  0.4870769  0.47105375 0.49068686 0.47969267
 0.5159654  0.48748547 0.53929096 0.4806138  0.45109642 0.4770401
 0.48280087 0.5336757  0.50821555 0.4969313  0.4827144  0.5314213
 0.5122354  0.49991038 0.46138203 0.4777628  0.4983532  0.4938876
 0.47440815 0.5052733  0.5019923  0.4797735  0.49130595 0.48991358
 0.46913055 0.4950012  0.47139713 0.4875614  0.52529573 0.47876236
 0.45243588 0.52146894 0.51151955 0.51778203 0.49401733 0.4543078
 0.5212072  0.4950936  0.5218202  0.47346663 0.4972801  0.45946372
 0.4843003  0.4854632  0.48196852 0.52403826 0.47675526 0.4777731
 0.5035853  0.5356798  0.50065804 0.4491135  0.52953357 0.46970204
 0.55959445 0.48060465 0.5328592  0.51342463 0.50554305 0.52138793
 0.46988928 0.4884381  0.4945155  0.49468565 0.5378929  0.47039127
 0.46430963]
2020-11-18 16:51:00[INFO] 
[ddpg][Episode: 0][Step: 0][Metric rate:399570.0 resp:0.001]Reward: None Score: 0.0 Done: False
