2020-11-18 16:57:02[INFO] 
[Env initialized][Metric rate: 399570.0 resp: 0.001]
2020-11-18 16:57:02[INFO] [ddpg] Action: [0.50048125 0.45546913 0.4555793  0.5184129  0.48504853 0.45947945
 0.44338086 0.526385   0.5040767  0.55200636 0.54608303 0.5226211
 0.52307767 0.47842357 0.5249904  0.4607428  0.5068775  0.49844795
 0.45549396 0.5521134  0.45723754 0.4810018  0.5356031  0.5153088
 0.51140845 0.4899367  0.5150031  0.49977615 0.5028089  0.5001375
 0.5112152  0.5006452  0.49781188 0.48203698 0.519932   0.52097553
 0.5172562  0.54774    0.49163398 0.4985687  0.5253822  0.5371863
 0.5170483  0.50407594 0.5361121  0.5134657  0.50791526 0.50884193
 0.5040088  0.48677978 0.4830572  0.50315386 0.46747443 0.4699121
 0.46328065 0.50058895 0.4772448  0.48548308 0.46988317 0.52807105
 0.497426   0.50198716 0.5053283  0.49507767 0.48892975 0.48272222
 0.49575132 0.52645165 0.5218189  0.4952948  0.49088213 0.47154012
 0.48351192 0.5215129  0.51382345 0.49712962 0.533659   0.5183967
 0.511286   0.5467399  0.46736854 0.45396122 0.51638347 0.515333
 0.49309424 0.44489324 0.5037921  0.48664832 0.503796   0.4748003
 0.5235287  0.47653112 0.46789423 0.47344935 0.52839905 0.530412
 0.5028071  0.5176125  0.52205956 0.47379315 0.5079898  0.5045619
 0.46946615 0.5341973  0.47247663 0.47814825 0.50200486 0.5197941
 0.5019833  0.45825887 0.47372934 0.4996994  0.49926603 0.46388105
 0.5068368  0.4992166  0.5022482  0.5006427  0.49494675 0.5152845
 0.48544708 0.4941812  0.51455396 0.50260276 0.49547455 0.49185035
 0.5062575  0.52387047 0.52892846 0.48752087 0.48771816 0.47192317
 0.53662443 0.48784432 0.4928326  0.5167765  0.49765417 0.48090738
 0.5212306  0.43730766 0.50342166 0.51173353 0.5188039  0.4866224
 0.46991855 0.5265027  0.48695228 0.4975412  0.5168979  0.47598407
 0.52028185 0.52317977 0.532395   0.53073967 0.5058597  0.5350866
 0.52730894 0.5066042  0.45967907 0.4892113  0.49200034 0.5187188
 0.5026936  0.49703547 0.5164218  0.48701978 0.45474222 0.50644815
 0.5232284  0.48662126 0.5161924  0.52891266 0.48945197 0.4762675
 0.49528247 0.5129456  0.475907   0.53691304 0.4813424  0.49663046
 0.541871   0.4683356  0.4831692  0.45808458 0.52556294 0.4911968
 0.49607837]
2020-11-18 16:57:02[INFO] 
[ddpg][Episode: 0][Step: 0][Metric rate:399570.0 resp:0.001]Reward: None Score: 0.0 Done: False
