2020-11-22 15:07:03[INFO] 
[Env initialized][Metric rate: 399570.0 resp: 0.001]
2020-11-22 15:07:03[INFO] [ddpg] Action: [0.4835481  0.4999292  0.53622836 0.46009487 0.48843503 0.44634444
 0.48526537 0.50797266 0.48574486 0.53219664 0.515402   0.51692283
 0.5033558  0.50741297 0.51089716 0.49483085 0.48341736 0.47517607
 0.53989017 0.50165623 0.4681781  0.5096826  0.45310536 0.5559113
 0.50213665 0.5416602  0.4635556  0.51986027 0.52909267 0.5189445
 0.54277444 0.550417   0.5539484  0.513715   0.48420587 0.46297455
 0.4551006  0.50616765 0.5021462  0.5139995  0.52084124 0.49055842
 0.49741903 0.5002449  0.523709   0.56233144 0.5103409  0.48633412
 0.5122151  0.48655698 0.5001963  0.5037866  0.5351896  0.5069294
 0.4922944  0.49999523 0.5409392  0.4630183  0.49014854 0.5406603
 0.5468968  0.5153035  0.5370767  0.48175722 0.5114912  0.5456168
 0.46421775 0.4758306  0.4882804  0.5364495  0.505522   0.48978364
 0.5122095  0.5298602  0.47847345 0.5358222  0.49734402 0.4919756
 0.48316777 0.50931597 0.46674997 0.5188825  0.5082016  0.5022173
 0.4848578  0.5294787  0.49672168 0.56395185 0.51530504 0.4849909
 0.46560547 0.49765477 0.5031588  0.46235982 0.48593622 0.5290437
 0.55548364 0.47128975 0.55717194 0.5367356  0.53573203 0.50628704
 0.49589643 0.53393006 0.5112213  0.5184659  0.51165    0.47849986
 0.4598328  0.5243469  0.4569984  0.48588887 0.46538597 0.49287453
 0.5027815  0.50210035 0.5079669  0.5229637  0.4818166  0.4975241
 0.512287   0.48355123 0.5385449  0.5143196  0.5211364  0.5149829
 0.48241508 0.52520025 0.4698087  0.5219519  0.49423656 0.50833905
 0.46505338 0.48485902 0.5159935  0.49158356 0.48880982 0.5001062
 0.523898   0.5058724  0.5327241  0.4687499  0.49270105 0.47777456
 0.4838115  0.48364165 0.5122254  0.4881032  0.4946853  0.48661274
 0.48036563 0.5016632  0.49227908 0.48918003 0.4980641  0.525059
 0.5167522  0.4844441  0.5003863  0.48135123 0.47283077 0.46878722
 0.5011191  0.5098015  0.5195976  0.46061522 0.5135311  0.5206799
 0.51536584 0.47066423 0.5086954  0.5095982  0.46025714 0.5087105
 0.50011355 0.4509792  0.5260143  0.5181768  0.52790076 0.5260522
 0.50794107 0.48154134 0.48222396 0.50475293 0.43560472 0.50946426
 0.5327728 ]
2020-11-22 15:07:03[INFO] 
[ddpg][Episode: 0][Step: 0][Metric rate:399570.0 resp:0.001]Reward: -0.0 Score: 0.0 Done: False
