2020-11-18 17:05:21[INFO] 
[Env initialized][Metric rate: 399570.0 resp: 0.001]
2020-11-18 17:05:21[INFO] [ddpg] Action: [0.47769114 0.53110605 0.5255662  0.4876084  0.453445   0.5088439
 0.44692504 0.50524825 0.49864477 0.49006024 0.505934   0.5271036
 0.47786465 0.48222458 0.51476645 0.50953186 0.46736354 0.5214154
 0.47256526 0.48874056 0.51458836 0.48951414 0.49278533 0.5236509
 0.51486933 0.4977594  0.46376282 0.529321   0.50922763 0.5259503
 0.48514432 0.52083325 0.5596527  0.48540977 0.5241758  0.5423259
 0.5131244  0.47781217 0.46895936 0.5147171  0.5303826  0.46345276
 0.46611798 0.5014465  0.46665314 0.5146855  0.48313832 0.45949948
 0.51014036 0.51207966 0.49493596 0.49215466 0.51956034 0.5425852
 0.51553196 0.5119122  0.48563835 0.5060314  0.47945523 0.48643473
 0.55826366 0.4963314  0.46667832 0.4606563  0.5131894  0.502478
 0.516551   0.48806265 0.50798047 0.51040244 0.4967118  0.4754744
 0.51801443 0.52626383 0.531885   0.5158814  0.49897814 0.4914649
 0.46222    0.5153253  0.53414774 0.51180446 0.52268285 0.4819428
 0.47757843 0.4894327  0.49961078 0.49815196 0.4977304  0.47915506
 0.46735963 0.55159605 0.52074206 0.5079922  0.51111203 0.5000991
 0.53955704 0.48938745 0.49859372 0.51144165 0.48641822 0.49097952
 0.49761543 0.50738174 0.531469   0.49593055 0.47801855 0.5000451
 0.47811848 0.48542398 0.45433524 0.51085544 0.51874995 0.4645833
 0.5477997  0.49505928 0.5159481  0.51762646 0.4476732  0.5251365
 0.46676442 0.4753499  0.49784178 0.51559067 0.45917955 0.53085107
 0.51288277 0.46616668 0.41760346 0.51605344 0.47987196 0.53282815
 0.51343054 0.47740307 0.4946539  0.5381583  0.5057337  0.49683288
 0.4674192  0.5244347  0.5333805  0.44717282 0.5066602  0.49380556
 0.51865655 0.48935148 0.5161168  0.55908215 0.5405661  0.49429598
 0.522206   0.51869756 0.4865765  0.4812303  0.5190092  0.50060177
 0.46515042 0.49499413 0.46973717 0.5293477  0.47986785 0.47738454
 0.5239179  0.5310401  0.46784672 0.55489784 0.5082809  0.50621563
 0.5032981  0.47182384 0.48789164 0.5058585  0.50414264 0.49130073
 0.5356737  0.43038622 0.47806972 0.52754307 0.50765765 0.50601923
 0.49847722 0.5263046  0.5052785  0.49313715 0.48665723 0.5041242
 0.45688403]
2020-11-18 17:05:21[INFO] 
[ddpg][Episode: 0][Step: 0][Metric rate:399570.0 resp:0.001]Reward: -0.0 Score: 0.0 Done: False
