2020-11-18 16:51:21[INFO] 
[Env initialized][Metric rate: 399570.0 resp: 0.001]
2020-11-18 16:51:21[INFO] [ddpg] Action: [0.4938956  0.5022988  0.46082765 0.4741171  0.49840224 0.516536
 0.5182511  0.47884917 0.53517634 0.5104684  0.49751735 0.46282583
 0.47478285 0.5639034  0.51682615 0.54327345 0.5016373  0.50877106
 0.4547659  0.4689721  0.4821283  0.5227718  0.5273362  0.44957504
 0.4979105  0.5432802  0.5103041  0.4618479  0.54482466 0.5248975
 0.5273947  0.524574   0.47620234 0.49705452 0.5041171  0.46852368
 0.54272205 0.5308556  0.51447445 0.4526786  0.48626432 0.4736397
 0.4889428  0.48995215 0.46804908 0.5283206  0.48657542 0.46306875
 0.528605   0.53102845 0.5076206  0.5121688  0.48017317 0.49203846
 0.4934835  0.4832569  0.52027065 0.51846164 0.5302108  0.46976018
 0.47061807 0.5278657  0.540438   0.47992745 0.4650753  0.45828184
 0.4927177  0.52070343 0.49670497 0.48345515 0.5019     0.45900047
 0.45740488 0.48283926 0.47781837 0.47979444 0.44966802 0.5148831
 0.4903469  0.50031126 0.47043338 0.50635314 0.49947295 0.46893176
 0.49771205 0.5301299  0.48224992 0.5305186  0.48256308 0.45100775
 0.47055095 0.48556447 0.5188135  0.50126976 0.4811329  0.45333374
 0.48998386 0.4813636  0.4795176  0.5373878  0.49794078 0.507315
 0.4873001  0.50271726 0.51304483 0.48179007 0.5059229  0.4929821
 0.50995344 0.5012305  0.5307456  0.5371921  0.5034365  0.5268482
 0.4797683  0.5191729  0.46805996 0.4985021  0.4941291  0.5073463
 0.5327269  0.5112683  0.49975526 0.4791612  0.50748706 0.49355623
 0.48030975 0.4851961  0.5018503  0.48444533 0.4988538  0.49841467
 0.51658183 0.5187496  0.52899885 0.4781439  0.49696133 0.5142253
 0.48049447 0.5028691  0.51037353 0.52420026 0.46128404 0.48068088
 0.5263745  0.49579304 0.4681618  0.5215728  0.5316285  0.52668417
 0.5017391  0.48694164 0.5458418  0.4517355  0.5184015  0.49449155
 0.4920365  0.48282158 0.5237267  0.5176473  0.48792458 0.46381152
 0.5037462  0.53546375 0.4722168  0.4910574  0.44942138 0.4957441
 0.46596834 0.49546388 0.49649155 0.53430223 0.5251642  0.46288943
 0.49756882 0.4377636  0.46298048 0.51650995 0.49572787 0.44535944
 0.50351644 0.48237726 0.53374606 0.51974684 0.4769852  0.46655762
 0.4777401 ]
2020-11-18 16:51:21[INFO] 
[ddpg][Episode: 0][Step: 0][Metric rate:399570.0 resp:0.001]Reward: None Score: 0.0 Done: False
