2020-11-18 16:54:39[INFO] 
[Env initialized][Metric rate: 399570.0 resp: 0.001]
2020-11-18 16:54:39[INFO] [ddpg] Action: [0.4768409  0.52711743 0.520416   0.49907985 0.53635556 0.5338498
 0.46918038 0.45065212 0.5019858  0.4996205  0.4542153  0.4586059
 0.47082594 0.5311515  0.45769078 0.52918476 0.447106   0.48905933
 0.49499366 0.48879752 0.50978285 0.50266224 0.47962248 0.522127
 0.4663871  0.47597045 0.5041709  0.46998385 0.43535817 0.54686403
 0.52033365 0.5032104  0.5366062  0.45441943 0.51361465 0.5436685
 0.5151953  0.4949568  0.5362013  0.5296747  0.46328372 0.48779166
 0.51528007 0.46031442 0.51691127 0.49937564 0.46203613 0.4550288
 0.49786222 0.46565193 0.50171006 0.48527947 0.5516691  0.49065933
 0.50183165 0.46948996 0.52048457 0.52359307 0.50305045 0.4776919
 0.47054648 0.49956837 0.47092095 0.5224723  0.47921583 0.48676047
 0.46578184 0.5206083  0.51537883 0.474772   0.5124872  0.51035064
 0.49422386 0.50674266 0.51649517 0.5410059  0.47675937 0.5083817
 0.4453836  0.48575646 0.4849441  0.50163776 0.53240144 0.54503584
 0.52788174 0.51299995 0.5355604  0.52037436 0.46448544 0.47980362
 0.54015374 0.5011689  0.4958768  0.50765264 0.51389545 0.506768
 0.5044819  0.50672966 0.5155407  0.47504732 0.48564202 0.48548928
 0.531141   0.52496433 0.5019335  0.4906203  0.4791295  0.517866
 0.46938288 0.49792787 0.5226269  0.49469608 0.48331532 0.516328
 0.49658048 0.48193917 0.49334446 0.48213172 0.53722554 0.5206261
 0.51374    0.4850906  0.5006936  0.56125325 0.5179564  0.49904245
 0.5001706  0.51324517 0.4936049  0.4884368  0.4978906  0.49466306
 0.5113929  0.49336106 0.45466778 0.4828345  0.5099354  0.4834383
 0.53350747 0.5098257  0.5153237  0.53310525 0.5128105  0.4960565
 0.5008155  0.4730173  0.5262047  0.5133593  0.5179098  0.5029351
 0.48850012 0.5377623  0.4913342  0.44862053 0.47602576 0.51552165
 0.4835485  0.49666274 0.489593   0.50569254 0.5319705  0.5192051
 0.47568047 0.49424914 0.5354579  0.48961344 0.4981089  0.5071677
 0.4971647  0.4694886  0.48554245 0.45533878 0.5306205  0.49442732
 0.4994389  0.5181909  0.5248172  0.4746363  0.46532214 0.48808706
 0.46988195 0.4904483  0.47898477 0.54543674 0.52377605 0.51549345
 0.44718158]
2020-11-18 16:54:39[INFO] 
[ddpg][Episode: 0][Step: 0][Metric rate:399570.0 resp:0.001]Reward: None Score: 0.0 Done: False
