2020-11-22 15:02:37[INFO] 
[Env initialized][Metric rate: 399570.0 resp: 0.001]
2020-11-22 15:02:37[INFO] [ddpg] Action: [0.4567352  0.5511424  0.49312484 0.50252885 0.5210512  0.5497066
 0.5389048  0.5564721  0.5012789  0.5202937  0.4801888  0.5205307
 0.5211328  0.48283288 0.49991888 0.51920503 0.5065575  0.476294
 0.4858166  0.5143408  0.50256956 0.5008804  0.50451505 0.5108625
 0.48289353 0.50461197 0.46669462 0.52195746 0.51295435 0.48450002
 0.47440815 0.54931384 0.44458267 0.5072454  0.51140183 0.48023617
 0.50630534 0.5110732  0.49989554 0.47317857 0.499645   0.52182347
 0.50584227 0.47415447 0.49609047 0.4975551  0.4884356  0.5030092
 0.53315115 0.5192991  0.49018657 0.5654719  0.55886424 0.4933245
 0.51100034 0.5457081  0.5165746  0.52046984 0.49303165 0.5061392
 0.51271945 0.5154279  0.496775   0.50158966 0.46839437 0.4922787
 0.5281524  0.51667506 0.51568884 0.5346609  0.47447553 0.49552888
 0.4932879  0.51947784 0.4826568  0.49301717 0.53588635 0.5229345
 0.509263   0.472053   0.47553352 0.49471295 0.4919721  0.5158933
 0.48256716 0.50153434 0.475576   0.5412582  0.44480982 0.5000261
 0.5476612  0.50487065 0.5134019  0.45614725 0.53022707 0.47049782
 0.50793934 0.4834098  0.53544503 0.5148544  0.4842388  0.49970597
 0.47849986 0.45881563 0.47894332 0.5079413  0.4774957  0.5214019
 0.48486698 0.548558   0.5146569  0.5181097  0.51600206 0.5155912
 0.46040526 0.54226357 0.4487482  0.48144317 0.48345223 0.4990887
 0.50443935 0.4637637  0.5305769  0.52127117 0.5008405  0.5073418
 0.5113045  0.5114118  0.51230055 0.49225384 0.5145123  0.45364615
 0.5278304  0.53297997 0.5012336  0.5243424  0.522904   0.52982324
 0.5328837  0.5371812  0.45284608 0.48959088 0.52257496 0.4378779
 0.5436037  0.5002072  0.5266244  0.47028992 0.5046986  0.5374599
 0.5209856  0.5086533  0.5188814  0.46528167 0.5357564  0.45212978
 0.5124555  0.4471996  0.47700328 0.5048502  0.4928121  0.56328505
 0.47253284 0.47741514 0.51878595 0.51756084 0.5211012  0.4744107
 0.5298744  0.48377344 0.5122111  0.4605272  0.5533896  0.50103736
 0.49879816 0.5414482  0.49772623 0.5306389  0.46665028 0.5117802
 0.5151615  0.5374002  0.4796491  0.46495786 0.46185055 0.47386128
 0.4720857 ]
2020-11-22 15:02:37[INFO] 
[ddpg][Episode: 0][Step: 0][Metric rate:399570.0 resp:0.001]Reward: -0.0 Score: 0.0 Done: False
