2020-11-18 17:04:46[INFO] 
[Env initialized][Metric rate: 399570.0 resp: 0.001]
2020-11-18 17:04:46[INFO] [ddpg] Action: [0.46334884 0.45042616 0.46383268 0.5563211  0.5576592  0.47642925
 0.43227556 0.4601279  0.49384773 0.50724244 0.505686   0.5062099
 0.5047625  0.5054506  0.4694572  0.54531777 0.5033657  0.47089222
 0.47003555 0.46672443 0.51632875 0.52943766 0.47180244 0.5186637
 0.49499494 0.50659007 0.5335924  0.50865185 0.52006257 0.48193473
 0.4656536  0.49893606 0.46509546 0.45509925 0.4999299  0.5094447
 0.4993017  0.49742967 0.51836723 0.48975724 0.5126166  0.4448988
 0.5122207  0.48939374 0.54875803 0.5400232  0.5180023  0.5147452
 0.49815047 0.4444322  0.5071782  0.52234375 0.50870067 0.48780224
 0.4614268  0.51524675 0.5002321  0.50989026 0.510294   0.48767927
 0.52644736 0.44202793 0.5373286  0.52521014 0.47243527 0.47358492
 0.52071166 0.45976245 0.49722397 0.47707734 0.53095746 0.54102206
 0.4898938  0.4994545  0.47218955 0.48090088 0.4990424  0.53182036
 0.5114381  0.4814172  0.5194621  0.50209403 0.50285774 0.52404386
 0.4806541  0.54525423 0.4577891  0.54394454 0.5278214  0.5016185
 0.49084604 0.50135624 0.4822485  0.48548973 0.52569896 0.5124372
 0.48644635 0.5133331  0.534597   0.5257629  0.46572527 0.53596586
 0.54220533 0.5155605  0.5343813  0.4823898  0.50374746 0.5108642
 0.4442671  0.56646717 0.55502075 0.5275189  0.5138267  0.48327342
 0.5336671  0.46840245 0.4663792  0.47882107 0.4466918  0.4991566
 0.4596835  0.490934   0.49662295 0.4606745  0.47936288 0.48448366
 0.49719214 0.5404665  0.4722541  0.47529775 0.5214071  0.48294145
 0.52722895 0.4870927  0.51588494 0.4828416  0.53310335 0.48010945
 0.5218579  0.48457065 0.45877144 0.5722377  0.53755456 0.5457623
 0.5030621  0.5342928  0.5195908  0.47801992 0.50315076 0.49106902
 0.54104465 0.50325435 0.5005287  0.5357548  0.49228185 0.53118545
 0.50372326 0.45906246 0.49224147 0.50939107 0.49436775 0.4981041
 0.5110487  0.50832736 0.51969564 0.47658366 0.554151   0.49577323
 0.5044718  0.4939547  0.45844695 0.48545274 0.47546962 0.46284038
 0.5184722  0.46251783 0.45046115 0.53301156 0.48214492 0.43292937
 0.50571966 0.5094959  0.50602466 0.45922008 0.4435653  0.5021291
 0.50510293]
2020-11-18 17:04:46[INFO] 
[ddpg][Episode: 0][Step: 0][Metric rate:399570.0 resp:0.001]Reward: -0.0 Score: 0.0 Done: False
