2020-11-19 21:17:35[INFO] 
[Env initialized][Metric rate: 399570.0 resp: 0.001]
2020-11-19 21:17:35[INFO] [ddpg] Action: [0.48770308 0.5170027  0.52505064 0.5083195  0.54669225 0.52710456
 0.4820916  0.51375055 0.48901355 0.49425265 0.48496425 0.5078709
 0.5327689  0.47696346 0.51108915 0.47616288 0.5472085  0.4606565
 0.5197029  0.48329148 0.5256019  0.5095949  0.5357999  0.4700405
 0.5030014  0.50251824 0.47304505 0.49662054 0.48357192 0.52799964
 0.4864545  0.51185006 0.4759226  0.5142761  0.5125467  0.522168
 0.5186782  0.46056205 0.48425138 0.48060948 0.4850047  0.48734155
 0.47894475 0.5453677  0.4955133  0.55777025 0.46910688 0.45395818
 0.51831424 0.48407102 0.4670405  0.47393388 0.54195    0.4911247
 0.4866736  0.5027699  0.5253552  0.5221426  0.47798374 0.5124413
 0.510456   0.50435793 0.487002   0.53544766 0.52265215 0.48098466
 0.5180977  0.42163768 0.50309324 0.45944196 0.50190526 0.50902355
 0.45024812 0.46480587 0.4894914  0.48918483 0.47322822 0.50419635
 0.46629155 0.5309406  0.5050478  0.4909151  0.49393135 0.49761024
 0.46210182 0.5164281  0.50497276 0.5211266  0.506474   0.49579415
 0.52319306 0.50130105 0.5251317  0.5288695  0.5142185  0.53202105
 0.47648895 0.4746145  0.4799769  0.49870092 0.49324262 0.5132395
 0.49445108 0.49480328 0.51460695 0.49499553 0.4713343  0.5037885
 0.5014482  0.4521326  0.49143168 0.48794    0.4926192  0.5232382
 0.5118872  0.4957424  0.5031769  0.5367252  0.4975837  0.4923341
 0.48857158 0.46870854 0.52353275 0.47502795 0.48931825 0.49441904
 0.4945945  0.5099606  0.47278905 0.52135515 0.4701838  0.52388716
 0.45344552 0.5050336  0.48781118 0.50885963 0.4687841  0.46060953
 0.47743678 0.5344865  0.47849172 0.4765219  0.47887683 0.48114726
 0.50369817 0.48870686 0.5115136  0.5216227  0.49878845 0.50169075
 0.52565485 0.5180905  0.5210362  0.49272168 0.50115573 0.4974248
 0.47715044 0.51644176 0.48159713 0.471305   0.48984858 0.501208
 0.47450292 0.534223   0.51458967 0.4829017  0.52647287 0.4679091
 0.5173981  0.50644356 0.48498955 0.49715927 0.51660097 0.47390538
 0.5136663  0.4613907  0.49275905 0.48721167 0.5079865  0.4761053
 0.47106823 0.4625465  0.49876085 0.4845054  0.49837145 0.4987364
 0.4853815 ]
2020-11-19 21:17:35[INFO] 
[ddpg][Episode: 0][Step: 0][Metric rate:399570.0 resp:0.001]Reward: -0.0 Score: 0.0 Done: False
