2020-11-22 15:11:47[INFO] 
[Env initialized][Metric rate: 399570.0 resp: 0.001]
2020-11-22 15:11:47[INFO] [ddpg] Action: [0.5265208  0.5201725  0.49356902 0.48291242 0.5392756  0.50094247
 0.48541254 0.4859038  0.5283821  0.5135507  0.49180558 0.5529243
 0.5291497  0.5290143  0.52564114 0.4924203  0.51249737 0.49512395
 0.53212285 0.5180864  0.5197079  0.511552   0.45203525 0.49330372
 0.48737738 0.5020264  0.5110462  0.5412359  0.4969246  0.53606725
 0.5343594  0.52440786 0.49056932 0.48641735 0.5307234  0.49461272
 0.46733713 0.48515406 0.49518815 0.51801157 0.49647346 0.49652153
 0.5132908  0.47935417 0.50317633 0.48946154 0.5502537  0.5196878
 0.48633897 0.49477258 0.5407683  0.47333086 0.5206227  0.51270777
 0.47474805 0.49826014 0.4951746  0.48089427 0.5389346  0.48773688
 0.5020698  0.46728143 0.54619    0.5029695  0.48787367 0.49456105
 0.51810795 0.5169811  0.47459683 0.4930098  0.5053145  0.47768536
 0.49071902 0.53175056 0.5100274  0.49194425 0.4981806  0.53964084
 0.48818997 0.4611722  0.5172555  0.4933778  0.5287403  0.47944263
 0.46875045 0.48872837 0.5026194  0.539818   0.5001729  0.47025177
 0.48002374 0.52961737 0.5014959  0.51434934 0.47988743 0.49963763
 0.51389015 0.47478136 0.52738243 0.5216299  0.48938507 0.48234564
 0.51977825 0.46749735 0.51822543 0.5004919  0.48576692 0.5172517
 0.5035132  0.50191706 0.49655196 0.5160343  0.49319068 0.5229717
 0.4865825  0.49813735 0.48658186 0.5224795  0.5100565  0.492324
 0.48643818 0.47626072 0.52179444 0.45039052 0.49573246 0.4661439
 0.5215366  0.48150596 0.5243585  0.4305624  0.4895867  0.44803062
 0.51524514 0.5270229  0.47668213 0.49243185 0.46989232 0.47807005
 0.49611592 0.48635876 0.49277747 0.513734   0.518156   0.50147325
 0.49640182 0.49828985 0.5441683  0.5270643  0.46648172 0.523023
 0.5055909  0.53547746 0.506513   0.47042504 0.51988316 0.50088924
 0.46553814 0.4815963  0.4816299  0.5339286  0.5135002  0.4749361
 0.51322156 0.48791027 0.54221535 0.5037988  0.4884222  0.49215028
 0.51806086 0.48938733 0.46272397 0.5215395  0.5454934  0.50827795
 0.5341938  0.5300694  0.5105039  0.4663955  0.5072313  0.4776944
 0.4951465  0.49887222 0.47441247 0.5053757  0.48632318 0.4537698
 0.50646144]
2020-11-22 15:11:48[INFO] 
[ddpg][Episode: 0][Step: 0][Metric rate:399570.0 resp:0.001]Reward: -0.0 Score: 0.0 Done: False
2020-11-22 15:11:48[INFO] [ddpg][Episode: 0][Step: 0] step: 0.03191351890563965s env step: 0.022937297821044922s train step: 0.0s restart time: 0.010970115661621094s action time: 0.0019943714141845703s
2020-11-22 15:11:48[INFO] [ddpg][Episode: 0][Step: 0][Average] step: 0.03191351890563965s env step: 0.022937297821044922s train step: 0.0s restart time: 0.010970115661621094s action time: 0.0019943714141845703s
2020-11-22 15:11:48[INFO] [ddpg] Action: [0.5265208  0.5201725  0.49356902 0.48291242 0.5392756  0.50094247
 0.48541254 0.4859038  0.5283821  0.5135507  0.49180558 0.5529243
 0.5291497  0.5290143  0.52564114 0.4924203  0.51249737 0.49512395
 0.53212285 0.5180864  0.5197079  0.511552   0.45203525 0.49330372
 0.48737738 0.5020264  0.5110462  0.5412359  0.4969246  0.53606725
 0.5343594  0.52440786 0.49056932 0.48641735 0.5307234  0.49461272
 0.46733713 0.48515406 0.49518815 0.51801157 0.49647346 0.49652153
 0.5132908  0.47935417 0.50317633 0.48946154 0.5502537  0.5196878
 0.48633897 0.49477258 0.5407683  0.47333086 0.5206227  0.51270777
 0.47474805 0.49826014 0.4951746  0.48089427 0.5389346  0.48773688
 0.5020698  0.46728143 0.54619    0.5029695  0.48787367 0.49456105
 0.51810795 0.5169811  0.47459683 0.4930098  0.5053145  0.47768536
 0.49071902 0.53175056 0.5100274  0.49194425 0.4981806  0.53964084
 0.48818997 0.4611722  0.5172555  0.4933778  0.5287403  0.47944263
 0.46875045 0.48872837 0.5026194  0.539818   0.5001729  0.47025177
 0.48002374 0.52961737 0.5014959  0.51434934 0.47988743 0.49963763
 0.51389015 0.47478136 0.52738243 0.5216299  0.48938507 0.48234564
 0.51977825 0.46749735 0.51822543 0.5004919  0.48576692 0.5172517
 0.5035132  0.50191706 0.49655196 0.5160343  0.49319068 0.5229717
 0.4865825  0.49813735 0.48658186 0.5224795  0.5100565  0.492324
 0.48643818 0.47626072 0.52179444 0.45039052 0.49573246 0.4661439
 0.5215366  0.48150596 0.5243585  0.4305624  0.4895867  0.44803062
 0.51524514 0.5270229  0.47668213 0.49243185 0.46989232 0.47807005
 0.49611592 0.48635876 0.49277747 0.513734   0.518156   0.50147325
 0.49640182 0.49828985 0.5441683  0.5270643  0.46648172 0.523023
 0.5055909  0.53547746 0.506513   0.47042504 0.51988316 0.50088924
 0.46553814 0.4815963  0.4816299  0.5339286  0.5135002  0.4749361
 0.51322156 0.48791027 0.54221535 0.5037988  0.4884222  0.49215028
 0.51806086 0.48938733 0.46272397 0.5215395  0.5454934  0.50827795
 0.5341938  0.5300694  0.5105039  0.4663955  0.5072313  0.4776944
 0.4951465  0.49887222 0.47441247 0.5053757  0.48632318 0.4537698
 0.50646144]
2020-11-22 15:11:48[INFO] 
[ddpg][Episode: 0][Step: 1][Metric rate:399570.0 resp:0.001]Reward: -0.0 Score: 0.0 Done: False
2020-11-22 15:11:48[INFO] [ddpg][Episode: 0][Step: 1] step: 0.021943092346191406s env step: 0.01595759391784668s train step: 0.0s restart time: 0.008977174758911133s action time: 0.0009975433349609375s
2020-11-22 15:11:48[INFO] [ddpg][Episode: 0][Step: 1][Average] step: 0.021943092346191406s env step: 0.01595759391784668s train step: 0.0s restart time: 0.008977174758911133s action time: 0.001495957374572754s
2020-11-22 15:11:48[INFO] [ddpg] Action: [0.5265208  0.5201725  0.49356902 0.48291242 0.5392756  0.50094247
 0.48541254 0.4859038  0.5283821  0.5135507  0.49180558 0.5529243
 0.5291497  0.5290143  0.52564114 0.4924203  0.51249737 0.49512395
 0.53212285 0.5180864  0.5197079  0.511552   0.45203525 0.49330372
 0.48737738 0.5020264  0.5110462  0.5412359  0.4969246  0.53606725
 0.5343594  0.52440786 0.49056932 0.48641735 0.5307234  0.49461272
 0.46733713 0.48515406 0.49518815 0.51801157 0.49647346 0.49652153
 0.5132908  0.47935417 0.50317633 0.48946154 0.5502537  0.5196878
 0.48633897 0.49477258 0.5407683  0.47333086 0.5206227  0.51270777
 0.47474805 0.49826014 0.4951746  0.48089427 0.5389346  0.48773688
 0.5020698  0.46728143 0.54619    0.5029695  0.48787367 0.49456105
 0.51810795 0.5169811  0.47459683 0.4930098  0.5053145  0.47768536
 0.49071902 0.53175056 0.5100274  0.49194425 0.4981806  0.53964084
 0.48818997 0.4611722  0.5172555  0.4933778  0.5287403  0.47944263
 0.46875045 0.48872837 0.5026194  0.539818   0.5001729  0.47025177
 0.48002374 0.52961737 0.5014959  0.51434934 0.47988743 0.49963763
 0.51389015 0.47478136 0.52738243 0.5216299  0.48938507 0.48234564
 0.51977825 0.46749735 0.51822543 0.5004919  0.48576692 0.5172517
 0.5035132  0.50191706 0.49655196 0.5160343  0.49319068 0.5229717
 0.4865825  0.49813735 0.48658186 0.5224795  0.5100565  0.492324
 0.48643818 0.47626072 0.52179444 0.45039052 0.49573246 0.4661439
 0.5215366  0.48150596 0.5243585  0.4305624  0.4895867  0.44803062
 0.51524514 0.5270229  0.47668213 0.49243185 0.46989232 0.47807005
 0.49611592 0.48635876 0.49277747 0.513734   0.518156   0.50147325
 0.49640182 0.49828985 0.5441683  0.5270643  0.46648172 0.523023
 0.5055909  0.53547746 0.506513   0.47042504 0.51988316 0.50088924
 0.46553814 0.4815963  0.4816299  0.5339286  0.5135002  0.4749361
 0.51322156 0.48791027 0.54221535 0.5037988  0.4884222  0.49215028
 0.51806086 0.48938733 0.46272397 0.5215395  0.5454934  0.50827795
 0.5341938  0.5300694  0.5105039  0.4663955  0.5072313  0.4776944
 0.4951465  0.49887222 0.47441247 0.5053757  0.48632318 0.4537698
 0.50646144]
2020-11-22 15:11:48[INFO] 
[ddpg][Episode: 0][Step: 2][Metric rate:399570.0 resp:0.001]Reward: -0.0 Score: 0.0 Done: False
2020-11-22 15:11:48[INFO] [ddpg][Episode: 0][Step: 2] step: 0.02570319175720215s env step: 0.015956640243530273s train step: 0.0s restart time: 0.008975982666015625s action time: 0.003770589828491211s
2020-11-22 15:11:48[INFO] [ddpg][Episode: 0][Step: 2][Average] step: 0.02570319175720215s env step: 0.015956640243530273s train step: 0.0s restart time: 0.008975982666015625s action time: 0.0022541681925455728s
2020-11-22 15:11:48[INFO] [ddpg] Action: [0.5265208  0.5201725  0.49356902 0.48291242 0.5392756  0.50094247
 0.48541254 0.4859038  0.5283821  0.5135507  0.49180558 0.5529243
 0.5291497  0.5290143  0.52564114 0.4924203  0.51249737 0.49512395
 0.53212285 0.5180864  0.5197079  0.511552   0.45203525 0.49330372
 0.48737738 0.5020264  0.5110462  0.5412359  0.4969246  0.53606725
 0.5343594  0.52440786 0.49056932 0.48641735 0.5307234  0.49461272
 0.46733713 0.48515406 0.49518815 0.51801157 0.49647346 0.49652153
 0.5132908  0.47935417 0.50317633 0.48946154 0.5502537  0.5196878
 0.48633897 0.49477258 0.5407683  0.47333086 0.5206227  0.51270777
 0.47474805 0.49826014 0.4951746  0.48089427 0.5389346  0.48773688
 0.5020698  0.46728143 0.54619    0.5029695  0.48787367 0.49456105
 0.51810795 0.5169811  0.47459683 0.4930098  0.5053145  0.47768536
 0.49071902 0.53175056 0.5100274  0.49194425 0.4981806  0.53964084
 0.48818997 0.4611722  0.5172555  0.4933778  0.5287403  0.47944263
 0.46875045 0.48872837 0.5026194  0.539818   0.5001729  0.47025177
 0.48002374 0.52961737 0.5014959  0.51434934 0.47988743 0.49963763
 0.51389015 0.47478136 0.52738243 0.5216299  0.48938507 0.48234564
 0.51977825 0.46749735 0.51822543 0.5004919  0.48576692 0.5172517
 0.5035132  0.50191706 0.49655196 0.5160343  0.49319068 0.5229717
 0.4865825  0.49813735 0.48658186 0.5224795  0.5100565  0.492324
 0.48643818 0.47626072 0.52179444 0.45039052 0.49573246 0.4661439
 0.5215366  0.48150596 0.5243585  0.4305624  0.4895867  0.44803062
 0.51524514 0.5270229  0.47668213 0.49243185 0.46989232 0.47807005
 0.49611592 0.48635876 0.49277747 0.513734   0.518156   0.50147325
 0.49640182 0.49828985 0.5441683  0.5270643  0.46648172 0.523023
 0.5055909  0.53547746 0.506513   0.47042504 0.51988316 0.50088924
 0.46553814 0.4815963  0.4816299  0.5339286  0.5135002  0.4749361
 0.51322156 0.48791027 0.54221535 0.5037988  0.4884222  0.49215028
 0.51806086 0.48938733 0.46272397 0.5215395  0.5454934  0.50827795
 0.5341938  0.5300694  0.5105039  0.4663955  0.5072313  0.4776944
 0.4951465  0.49887222 0.47441247 0.5053757  0.48632318 0.4537698
 0.50646144]
2020-11-22 15:11:48[INFO] 
[ddpg][Episode: 0][Step: 3][Metric rate:399570.0 resp:0.001]Reward: -0.0 Score: 0.0 Done: False
2020-11-22 15:11:48[INFO] [ddpg][Episode: 0][Step: 3] step: 0.022939443588256836s env step: 0.0169525146484375s train step: 0.0s restart time: 0.009971857070922852s action time: 0.0009982585906982422s
2020-11-22 15:11:48[INFO] [ddpg][Episode: 0][Step: 3][Average] step: 0.022939443588256836s env step: 0.0169525146484375s train step: 0.0s restart time: 0.009971857070922852s action time: 0.0019401907920837402s
2020-11-22 15:11:48[INFO] [ddpg] Action: [0.5265208  0.5201725  0.49356902 0.48291242 0.5392756  0.50094247
 0.48541254 0.4859038  0.5283821  0.5135507  0.49180558 0.5529243
 0.5291497  0.5290143  0.52564114 0.4924203  0.51249737 0.49512395
 0.53212285 0.5180864  0.5197079  0.511552   0.45203525 0.49330372
 0.48737738 0.5020264  0.5110462  0.5412359  0.4969246  0.53606725
 0.5343594  0.52440786 0.49056932 0.48641735 0.5307234  0.49461272
 0.46733713 0.48515406 0.49518815 0.51801157 0.49647346 0.49652153
 0.5132908  0.47935417 0.50317633 0.48946154 0.5502537  0.5196878
 0.48633897 0.49477258 0.5407683  0.47333086 0.5206227  0.51270777
 0.47474805 0.49826014 0.4951746  0.48089427 0.5389346  0.48773688
 0.5020698  0.46728143 0.54619    0.5029695  0.48787367 0.49456105
 0.51810795 0.5169811  0.47459683 0.4930098  0.5053145  0.47768536
 0.49071902 0.53175056 0.5100274  0.49194425 0.4981806  0.53964084
 0.48818997 0.4611722  0.5172555  0.4933778  0.5287403  0.47944263
 0.46875045 0.48872837 0.5026194  0.539818   0.5001729  0.47025177
 0.48002374 0.52961737 0.5014959  0.51434934 0.47988743 0.49963763
 0.51389015 0.47478136 0.52738243 0.5216299  0.48938507 0.48234564
 0.51977825 0.46749735 0.51822543 0.5004919  0.48576692 0.5172517
 0.5035132  0.50191706 0.49655196 0.5160343  0.49319068 0.5229717
 0.4865825  0.49813735 0.48658186 0.5224795  0.5100565  0.492324
 0.48643818 0.47626072 0.52179444 0.45039052 0.49573246 0.4661439
 0.5215366  0.48150596 0.5243585  0.4305624  0.4895867  0.44803062
 0.51524514 0.5270229  0.47668213 0.49243185 0.46989232 0.47807005
 0.49611592 0.48635876 0.49277747 0.513734   0.518156   0.50147325
 0.49640182 0.49828985 0.5441683  0.5270643  0.46648172 0.523023
 0.5055909  0.53547746 0.506513   0.47042504 0.51988316 0.50088924
 0.46553814 0.4815963  0.4816299  0.5339286  0.5135002  0.4749361
 0.51322156 0.48791027 0.54221535 0.5037988  0.4884222  0.49215028
 0.51806086 0.48938733 0.46272397 0.5215395  0.5454934  0.50827795
 0.5341938  0.5300694  0.5105039  0.4663955  0.5072313  0.4776944
 0.4951465  0.49887222 0.47441247 0.5053757  0.48632318 0.4537698
 0.50646144]
2020-11-22 15:11:48[INFO] 
[ddpg][Episode: 0][Step: 4][Metric rate:399570.0 resp:0.001]Reward: -0.0 Score: 0.0 Done: False
2020-11-22 15:11:48[INFO] [ddpg][Episode: 0][Step: 4] step: 0.027925729751586914s env step: 0.018949031829833984s train step: 0.0s restart time: 0.007979393005371094s action time: 0.003989219665527344s
2020-11-22 15:11:48[INFO] [ddpg][Episode: 0][Step: 4][Average] step: 0.027925729751586914s env step: 0.018949031829833984s train step: 0.0s restart time: 0.007979393005371094s action time: 0.002349996566772461s
2020-11-22 15:11:48[INFO] [ddpg] Action: [0.5265208  0.5201725  0.49356902 0.48291242 0.5392756  0.50094247
 0.48541254 0.4859038  0.5283821  0.5135507  0.49180558 0.5529243
 0.5291497  0.5290143  0.52564114 0.4924203  0.51249737 0.49512395
 0.53212285 0.5180864  0.5197079  0.511552   0.45203525 0.49330372
 0.48737738 0.5020264  0.5110462  0.5412359  0.4969246  0.53606725
 0.5343594  0.52440786 0.49056932 0.48641735 0.5307234  0.49461272
 0.46733713 0.48515406 0.49518815 0.51801157 0.49647346 0.49652153
 0.5132908  0.47935417 0.50317633 0.48946154 0.5502537  0.5196878
 0.48633897 0.49477258 0.5407683  0.47333086 0.5206227  0.51270777
 0.47474805 0.49826014 0.4951746  0.48089427 0.5389346  0.48773688
 0.5020698  0.46728143 0.54619    0.5029695  0.48787367 0.49456105
 0.51810795 0.5169811  0.47459683 0.4930098  0.5053145  0.47768536
 0.49071902 0.53175056 0.5100274  0.49194425 0.4981806  0.53964084
 0.48818997 0.4611722  0.5172555  0.4933778  0.5287403  0.47944263
 0.46875045 0.48872837 0.5026194  0.539818   0.5001729  0.47025177
 0.48002374 0.52961737 0.5014959  0.51434934 0.47988743 0.49963763
 0.51389015 0.47478136 0.52738243 0.5216299  0.48938507 0.48234564
 0.51977825 0.46749735 0.51822543 0.5004919  0.48576692 0.5172517
 0.5035132  0.50191706 0.49655196 0.5160343  0.49319068 0.5229717
 0.4865825  0.49813735 0.48658186 0.5224795  0.5100565  0.492324
 0.48643818 0.47626072 0.52179444 0.45039052 0.49573246 0.4661439
 0.5215366  0.48150596 0.5243585  0.4305624  0.4895867  0.44803062
 0.51524514 0.5270229  0.47668213 0.49243185 0.46989232 0.47807005
 0.49611592 0.48635876 0.49277747 0.513734   0.518156   0.50147325
 0.49640182 0.49828985 0.5441683  0.5270643  0.46648172 0.523023
 0.5055909  0.53547746 0.506513   0.47042504 0.51988316 0.50088924
 0.46553814 0.4815963  0.4816299  0.5339286  0.5135002  0.4749361
 0.51322156 0.48791027 0.54221535 0.5037988  0.4884222  0.49215028
 0.51806086 0.48938733 0.46272397 0.5215395  0.5454934  0.50827795
 0.5341938  0.5300694  0.5105039  0.4663955  0.5072313  0.4776944
 0.4951465  0.49887222 0.47441247 0.5053757  0.48632318 0.4537698
 0.50646144]
2020-11-22 15:11:48[INFO] 
[ddpg][Episode: 0][Step: 5][Metric rate:399570.0 resp:0.001]Reward: -0.0 Score: 0.0 Done: False
2020-11-22 15:11:48[INFO] [ddpg][Episode: 0][Step: 5] step: 0.02643752098083496s env step: 0.014960527420043945s train step: 0.0s restart time: 0.007979393005371094s action time: 0.0009965896606445312s
2020-11-22 15:11:48[INFO] [ddpg][Episode: 0][Step: 5][Average] step: 0.02643752098083496s env step: 0.014960527420043945s train step: 0.0s restart time: 0.007979393005371094s action time: 0.0021244287490844727s
2020-11-22 15:11:48[INFO] [ddpg] Action: [0.5265208  0.5201725  0.49356902 0.48291242 0.5392756  0.50094247
 0.48541254 0.4859038  0.5283821  0.5135507  0.49180558 0.5529243
 0.5291497  0.5290143  0.52564114 0.4924203  0.51249737 0.49512395
 0.53212285 0.5180864  0.5197079  0.511552   0.45203525 0.49330372
 0.48737738 0.5020264  0.5110462  0.5412359  0.4969246  0.53606725
 0.5343594  0.52440786 0.49056932 0.48641735 0.5307234  0.49461272
 0.46733713 0.48515406 0.49518815 0.51801157 0.49647346 0.49652153
 0.5132908  0.47935417 0.50317633 0.48946154 0.5502537  0.5196878
 0.48633897 0.49477258 0.5407683  0.47333086 0.5206227  0.51270777
 0.47474805 0.49826014 0.4951746  0.48089427 0.5389346  0.48773688
 0.5020698  0.46728143 0.54619    0.5029695  0.48787367 0.49456105
 0.51810795 0.5169811  0.47459683 0.4930098  0.5053145  0.47768536
 0.49071902 0.53175056 0.5100274  0.49194425 0.4981806  0.53964084
 0.48818997 0.4611722  0.5172555  0.4933778  0.5287403  0.47944263
 0.46875045 0.48872837 0.5026194  0.539818   0.5001729  0.47025177
 0.48002374 0.52961737 0.5014959  0.51434934 0.47988743 0.49963763
 0.51389015 0.47478136 0.52738243 0.5216299  0.48938507 0.48234564
 0.51977825 0.46749735 0.51822543 0.5004919  0.48576692 0.5172517
 0.5035132  0.50191706 0.49655196 0.5160343  0.49319068 0.5229717
 0.4865825  0.49813735 0.48658186 0.5224795  0.5100565  0.492324
 0.48643818 0.47626072 0.52179444 0.45039052 0.49573246 0.4661439
 0.5215366  0.48150596 0.5243585  0.4305624  0.4895867  0.44803062
 0.51524514 0.5270229  0.47668213 0.49243185 0.46989232 0.47807005
 0.49611592 0.48635876 0.49277747 0.513734   0.518156   0.50147325
 0.49640182 0.49828985 0.5441683  0.5270643  0.46648172 0.523023
 0.5055909  0.53547746 0.506513   0.47042504 0.51988316 0.50088924
 0.46553814 0.4815963  0.4816299  0.5339286  0.5135002  0.4749361
 0.51322156 0.48791027 0.54221535 0.5037988  0.4884222  0.49215028
 0.51806086 0.48938733 0.46272397 0.5215395  0.5454934  0.50827795
 0.5341938  0.5300694  0.5105039  0.4663955  0.5072313  0.4776944
 0.4951465  0.49887222 0.47441247 0.5053757  0.48632318 0.4537698
 0.50646144]
2020-11-22 15:11:48[INFO] 
[ddpg][Episode: 0][Step: 6][Metric rate:399570.0 resp:0.001]Reward: -0.0 Score: 0.0 Done: False
2020-11-22 15:11:48[INFO] [ddpg][Episode: 0][Step: 6] step: 0.024932146072387695s env step: 0.01894855499267578s train step: 0.0s restart time: 0.012964487075805664s action time: 0.0009970664978027344s
2020-11-22 15:11:48[INFO] [ddpg][Episode: 0][Step: 6][Average] step: 0.024932146072387695s env step: 0.01894855499267578s train step: 0.0s restart time: 0.012964487075805664s action time: 0.001963376998901367s
2020-11-22 15:11:48[INFO] [ddpg] Action: [0.5265208  0.5201725  0.49356902 0.48291242 0.5392756  0.50094247
 0.48541254 0.4859038  0.5283821  0.5135507  0.49180558 0.5529243
 0.5291497  0.5290143  0.52564114 0.4924203  0.51249737 0.49512395
 0.53212285 0.5180864  0.5197079  0.511552   0.45203525 0.49330372
 0.48737738 0.5020264  0.5110462  0.5412359  0.4969246  0.53606725
 0.5343594  0.52440786 0.49056932 0.48641735 0.5307234  0.49461272
 0.46733713 0.48515406 0.49518815 0.51801157 0.49647346 0.49652153
 0.5132908  0.47935417 0.50317633 0.48946154 0.5502537  0.5196878
 0.48633897 0.49477258 0.5407683  0.47333086 0.5206227  0.51270777
 0.47474805 0.49826014 0.4951746  0.48089427 0.5389346  0.48773688
 0.5020698  0.46728143 0.54619    0.5029695  0.48787367 0.49456105
 0.51810795 0.5169811  0.47459683 0.4930098  0.5053145  0.47768536
 0.49071902 0.53175056 0.5100274  0.49194425 0.4981806  0.53964084
 0.48818997 0.4611722  0.5172555  0.4933778  0.5287403  0.47944263
 0.46875045 0.48872837 0.5026194  0.539818   0.5001729  0.47025177
 0.48002374 0.52961737 0.5014959  0.51434934 0.47988743 0.49963763
 0.51389015 0.47478136 0.52738243 0.5216299  0.48938507 0.48234564
 0.51977825 0.46749735 0.51822543 0.5004919  0.48576692 0.5172517
 0.5035132  0.50191706 0.49655196 0.5160343  0.49319068 0.5229717
 0.4865825  0.49813735 0.48658186 0.5224795  0.5100565  0.492324
 0.48643818 0.47626072 0.52179444 0.45039052 0.49573246 0.4661439
 0.5215366  0.48150596 0.5243585  0.4305624  0.4895867  0.44803062
 0.51524514 0.5270229  0.47668213 0.49243185 0.46989232 0.47807005
 0.49611592 0.48635876 0.49277747 0.513734   0.518156   0.50147325
 0.49640182 0.49828985 0.5441683  0.5270643  0.46648172 0.523023
 0.5055909  0.53547746 0.506513   0.47042504 0.51988316 0.50088924
 0.46553814 0.4815963  0.4816299  0.5339286  0.5135002  0.4749361
 0.51322156 0.48791027 0.54221535 0.5037988  0.4884222  0.49215028
 0.51806086 0.48938733 0.46272397 0.5215395  0.5454934  0.50827795
 0.5341938  0.5300694  0.5105039  0.4663955  0.5072313  0.4776944
 0.4951465  0.49887222 0.47441247 0.5053757  0.48632318 0.4537698
 0.50646144]
2020-11-22 15:11:48[INFO] 
[ddpg][Episode: 0][Step: 7][Metric rate:399570.0 resp:0.001]Reward: -0.0 Score: 0.0 Done: False
2020-11-22 15:11:48[INFO] [ddpg][Episode: 0][Step: 7] step: 0.02792644500732422s env step: 0.017953872680664062s train step: 0.0s restart time: 0.007978200912475586s action time: 0.003989219665527344s
2020-11-22 15:11:48[INFO] [ddpg][Episode: 0][Step: 7][Average] step: 0.02792644500732422s env step: 0.017953872680664062s train step: 0.0s restart time: 0.007978200912475586s action time: 0.0022166073322296143s
2020-11-22 15:11:48[INFO] [ddpg] Action: [0.5265208  0.5201725  0.49356902 0.48291242 0.5392756  0.50094247
 0.48541254 0.4859038  0.5283821  0.5135507  0.49180558 0.5529243
 0.5291497  0.5290143  0.52564114 0.4924203  0.51249737 0.49512395
 0.53212285 0.5180864  0.5197079  0.511552   0.45203525 0.49330372
 0.48737738 0.5020264  0.5110462  0.5412359  0.4969246  0.53606725
 0.5343594  0.52440786 0.49056932 0.48641735 0.5307234  0.49461272
 0.46733713 0.48515406 0.49518815 0.51801157 0.49647346 0.49652153
 0.5132908  0.47935417 0.50317633 0.48946154 0.5502537  0.5196878
 0.48633897 0.49477258 0.5407683  0.47333086 0.5206227  0.51270777
 0.47474805 0.49826014 0.4951746  0.48089427 0.5389346  0.48773688
 0.5020698  0.46728143 0.54619    0.5029695  0.48787367 0.49456105
 0.51810795 0.5169811  0.47459683 0.4930098  0.5053145  0.47768536
 0.49071902 0.53175056 0.5100274  0.49194425 0.4981806  0.53964084
 0.48818997 0.4611722  0.5172555  0.4933778  0.5287403  0.47944263
 0.46875045 0.48872837 0.5026194  0.539818   0.5001729  0.47025177
 0.48002374 0.52961737 0.5014959  0.51434934 0.47988743 0.49963763
 0.51389015 0.47478136 0.52738243 0.5216299  0.48938507 0.48234564
 0.51977825 0.46749735 0.51822543 0.5004919  0.48576692 0.5172517
 0.5035132  0.50191706 0.49655196 0.5160343  0.49319068 0.5229717
 0.4865825  0.49813735 0.48658186 0.5224795  0.5100565  0.492324
 0.48643818 0.47626072 0.52179444 0.45039052 0.49573246 0.4661439
 0.5215366  0.48150596 0.5243585  0.4305624  0.4895867  0.44803062
 0.51524514 0.5270229  0.47668213 0.49243185 0.46989232 0.47807005
 0.49611592 0.48635876 0.49277747 0.513734   0.518156   0.50147325
 0.49640182 0.49828985 0.5441683  0.5270643  0.46648172 0.523023
 0.5055909  0.53547746 0.506513   0.47042504 0.51988316 0.50088924
 0.46553814 0.4815963  0.4816299  0.5339286  0.5135002  0.4749361
 0.51322156 0.48791027 0.54221535 0.5037988  0.4884222  0.49215028
 0.51806086 0.48938733 0.46272397 0.5215395  0.5454934  0.50827795
 0.5341938  0.5300694  0.5105039  0.4663955  0.5072313  0.4776944
 0.4951465  0.49887222 0.47441247 0.5053757  0.48632318 0.4537698
 0.50646144]
2020-11-22 15:11:48[INFO] 
[ddpg][Episode: 0][Step: 8][Metric rate:399570.0 resp:0.001]Reward: -0.0 Score: 0.0 Done: False
2020-11-22 15:11:48[INFO] [ddpg][Episode: 0][Step: 8] step: 0.019946575164794922s env step: 0.014960527420043945s train step: 0.0s restart time: 0.007978439331054688s action time: 0.0009965896606445312s
2020-11-22 15:11:48[INFO] [ddpg][Episode: 0][Step: 8][Average] step: 0.019946575164794922s env step: 0.014960527420043945s train step: 0.0s restart time: 0.007978439331054688s action time: 0.002081049813164605s
2020-11-22 15:11:48[INFO] [ddpg] Action: [0.5265208  0.5201725  0.49356902 0.48291242 0.5392756  0.50094247
 0.48541254 0.4859038  0.5283821  0.5135507  0.49180558 0.5529243
 0.5291497  0.5290143  0.52564114 0.4924203  0.51249737 0.49512395
 0.53212285 0.5180864  0.5197079  0.511552   0.45203525 0.49330372
 0.48737738 0.5020264  0.5110462  0.5412359  0.4969246  0.53606725
 0.5343594  0.52440786 0.49056932 0.48641735 0.5307234  0.49461272
 0.46733713 0.48515406 0.49518815 0.51801157 0.49647346 0.49652153
 0.5132908  0.47935417 0.50317633 0.48946154 0.5502537  0.5196878
 0.48633897 0.49477258 0.5407683  0.47333086 0.5206227  0.51270777
 0.47474805 0.49826014 0.4951746  0.48089427 0.5389346  0.48773688
 0.5020698  0.46728143 0.54619    0.5029695  0.48787367 0.49456105
 0.51810795 0.5169811  0.47459683 0.4930098  0.5053145  0.47768536
 0.49071902 0.53175056 0.5100274  0.49194425 0.4981806  0.53964084
 0.48818997 0.4611722  0.5172555  0.4933778  0.5287403  0.47944263
 0.46875045 0.48872837 0.5026194  0.539818   0.5001729  0.47025177
 0.48002374 0.52961737 0.5014959  0.51434934 0.47988743 0.49963763
 0.51389015 0.47478136 0.52738243 0.5216299  0.48938507 0.48234564
 0.51977825 0.46749735 0.51822543 0.5004919  0.48576692 0.5172517
 0.5035132  0.50191706 0.49655196 0.5160343  0.49319068 0.5229717
 0.4865825  0.49813735 0.48658186 0.5224795  0.5100565  0.492324
 0.48643818 0.47626072 0.52179444 0.45039052 0.49573246 0.4661439
 0.5215366  0.48150596 0.5243585  0.4305624  0.4895867  0.44803062
 0.51524514 0.5270229  0.47668213 0.49243185 0.46989232 0.47807005
 0.49611592 0.48635876 0.49277747 0.513734   0.518156   0.50147325
 0.49640182 0.49828985 0.5441683  0.5270643  0.46648172 0.523023
 0.5055909  0.53547746 0.506513   0.47042504 0.51988316 0.50088924
 0.46553814 0.4815963  0.4816299  0.5339286  0.5135002  0.4749361
 0.51322156 0.48791027 0.54221535 0.5037988  0.4884222  0.49215028
 0.51806086 0.48938733 0.46272397 0.5215395  0.5454934  0.50827795
 0.5341938  0.5300694  0.5105039  0.4663955  0.5072313  0.4776944
 0.4951465  0.49887222 0.47441247 0.5053757  0.48632318 0.4537698
 0.50646144]
2020-11-22 15:11:48[INFO] 
[ddpg][Episode: 0][Step: 9][Metric rate:399570.0 resp:0.001]Reward: -0.0 Score: 0.0 Done: False
2020-11-22 15:11:48[INFO] [ddpg][Episode: 0][Step: 9] step: 0.028921842575073242s env step: 0.01894974708557129s train step: 0.0s restart time: 0.007979154586791992s action time: 0.003988742828369141s
2020-11-22 15:11:48[INFO] [ddpg][Episode: 0][Step: 9][Average] step: 0.028921842575073242s env step: 0.01894974708557129s train step: 0.0s restart time: 0.007979154586791992s action time: 0.0022718191146850588s
2020-11-22 15:11:48[INFO] [ddpg] Action: [0.5265208  0.5201725  0.49356902 0.48291242 0.5392756  0.50094247
 0.48541254 0.4859038  0.5283821  0.5135507  0.49180558 0.5529243
 0.5291497  0.5290143  0.52564114 0.4924203  0.51249737 0.49512395
 0.53212285 0.5180864  0.5197079  0.511552   0.45203525 0.49330372
 0.48737738 0.5020264  0.5110462  0.5412359  0.4969246  0.53606725
 0.5343594  0.52440786 0.49056932 0.48641735 0.5307234  0.49461272
 0.46733713 0.48515406 0.49518815 0.51801157 0.49647346 0.49652153
 0.5132908  0.47935417 0.50317633 0.48946154 0.5502537  0.5196878
 0.48633897 0.49477258 0.5407683  0.47333086 0.5206227  0.51270777
 0.47474805 0.49826014 0.4951746  0.48089427 0.5389346  0.48773688
 0.5020698  0.46728143 0.54619    0.5029695  0.48787367 0.49456105
 0.51810795 0.5169811  0.47459683 0.4930098  0.5053145  0.47768536
 0.49071902 0.53175056 0.5100274  0.49194425 0.4981806  0.53964084
 0.48818997 0.4611722  0.5172555  0.4933778  0.5287403  0.47944263
 0.46875045 0.48872837 0.5026194  0.539818   0.5001729  0.47025177
 0.48002374 0.52961737 0.5014959  0.51434934 0.47988743 0.49963763
 0.51389015 0.47478136 0.52738243 0.5216299  0.48938507 0.48234564
 0.51977825 0.46749735 0.51822543 0.5004919  0.48576692 0.5172517
 0.5035132  0.50191706 0.49655196 0.5160343  0.49319068 0.5229717
 0.4865825  0.49813735 0.48658186 0.5224795  0.5100565  0.492324
 0.48643818 0.47626072 0.52179444 0.45039052 0.49573246 0.4661439
 0.5215366  0.48150596 0.5243585  0.4305624  0.4895867  0.44803062
 0.51524514 0.5270229  0.47668213 0.49243185 0.46989232 0.47807005
 0.49611592 0.48635876 0.49277747 0.513734   0.518156   0.50147325
 0.49640182 0.49828985 0.5441683  0.5270643  0.46648172 0.523023
 0.5055909  0.53547746 0.506513   0.47042504 0.51988316 0.50088924
 0.46553814 0.4815963  0.4816299  0.5339286  0.5135002  0.4749361
 0.51322156 0.48791027 0.54221535 0.5037988  0.4884222  0.49215028
 0.51806086 0.48938733 0.46272397 0.5215395  0.5454934  0.50827795
 0.5341938  0.5300694  0.5105039  0.4663955  0.5072313  0.4776944
 0.4951465  0.49887222 0.47441247 0.5053757  0.48632318 0.4537698
 0.50646144]
2020-11-22 15:11:48[INFO] 
[ddpg][Episode: 0][Step: 10][Metric rate:399570.0 resp:0.001]Reward: -0.0 Score: 0.0 Done: False
2020-11-22 15:11:48[INFO] [ddpg][Episode: 0][Step: 10] step: 0.024934768676757812s env step: 0.019945859909057617s train step: 0.0s restart time: 0.012969732284545898s action time: 0.000997304916381836s
2020-11-22 15:11:48[INFO] [ddpg][Episode: 0][Step: 10][Average] step: 0.024934768676757812s env step: 0.019945859909057617s train step: 0.0s restart time: 0.012969732284545898s action time: 0.0021559541875665836s
2020-11-22 15:11:48[INFO] [ddpg] Action: [0.5265208  0.5201725  0.49356902 0.48291242 0.5392756  0.50094247
 0.48541254 0.4859038  0.5283821  0.5135507  0.49180558 0.5529243
 0.5291497  0.5290143  0.52564114 0.4924203  0.51249737 0.49512395
 0.53212285 0.5180864  0.5197079  0.511552   0.45203525 0.49330372
 0.48737738 0.5020264  0.5110462  0.5412359  0.4969246  0.53606725
 0.5343594  0.52440786 0.49056932 0.48641735 0.5307234  0.49461272
 0.46733713 0.48515406 0.49518815 0.51801157 0.49647346 0.49652153
 0.5132908  0.47935417 0.50317633 0.48946154 0.5502537  0.5196878
 0.48633897 0.49477258 0.5407683  0.47333086 0.5206227  0.51270777
 0.47474805 0.49826014 0.4951746  0.48089427 0.5389346  0.48773688
 0.5020698  0.46728143 0.54619    0.5029695  0.48787367 0.49456105
 0.51810795 0.5169811  0.47459683 0.4930098  0.5053145  0.47768536
 0.49071902 0.53175056 0.5100274  0.49194425 0.4981806  0.53964084
 0.48818997 0.4611722  0.5172555  0.4933778  0.5287403  0.47944263
 0.46875045 0.48872837 0.5026194  0.539818   0.5001729  0.47025177
 0.48002374 0.52961737 0.5014959  0.51434934 0.47988743 0.49963763
 0.51389015 0.47478136 0.52738243 0.5216299  0.48938507 0.48234564
 0.51977825 0.46749735 0.51822543 0.5004919  0.48576692 0.5172517
 0.5035132  0.50191706 0.49655196 0.5160343  0.49319068 0.5229717
 0.4865825  0.49813735 0.48658186 0.5224795  0.5100565  0.492324
 0.48643818 0.47626072 0.52179444 0.45039052 0.49573246 0.4661439
 0.5215366  0.48150596 0.5243585  0.4305624  0.4895867  0.44803062
 0.51524514 0.5270229  0.47668213 0.49243185 0.46989232 0.47807005
 0.49611592 0.48635876 0.49277747 0.513734   0.518156   0.50147325
 0.49640182 0.49828985 0.5441683  0.5270643  0.46648172 0.523023
 0.5055909  0.53547746 0.506513   0.47042504 0.51988316 0.50088924
 0.46553814 0.4815963  0.4816299  0.5339286  0.5135002  0.4749361
 0.51322156 0.48791027 0.54221535 0.5037988  0.4884222  0.49215028
 0.51806086 0.48938733 0.46272397 0.5215395  0.5454934  0.50827795
 0.5341938  0.5300694  0.5105039  0.4663955  0.5072313  0.4776944
 0.4951465  0.49887222 0.47441247 0.5053757  0.48632318 0.4537698
 0.50646144]
2020-11-22 15:11:48[INFO] 
[ddpg][Episode: 0][Step: 11][Metric rate:399570.0 resp:0.001]Reward: -0.0 Score: 0.0 Done: False
2020-11-22 15:11:48[INFO] [ddpg][Episode: 0][Step: 11] step: 0.02444005012512207s env step: 0.014959335327148438s train step: 0.0s restart time: 0.007978200912475586s action time: 0.000997781753540039s
2020-11-22 15:11:48[INFO] [ddpg][Episode: 0][Step: 11][Average] step: 0.02444005012512207s env step: 0.014959335327148438s train step: 0.0s restart time: 0.007978200912475586s action time: 0.0020594398180643716s
2020-11-22 15:11:48[INFO] [ddpg] Action: [0.5265208  0.5201725  0.49356902 0.48291242 0.5392756  0.50094247
 0.48541254 0.4859038  0.5283821  0.5135507  0.49180558 0.5529243
 0.5291497  0.5290143  0.52564114 0.4924203  0.51249737 0.49512395
 0.53212285 0.5180864  0.5197079  0.511552   0.45203525 0.49330372
 0.48737738 0.5020264  0.5110462  0.5412359  0.4969246  0.53606725
 0.5343594  0.52440786 0.49056932 0.48641735 0.5307234  0.49461272
 0.46733713 0.48515406 0.49518815 0.51801157 0.49647346 0.49652153
 0.5132908  0.47935417 0.50317633 0.48946154 0.5502537  0.5196878
 0.48633897 0.49477258 0.5407683  0.47333086 0.5206227  0.51270777
 0.47474805 0.49826014 0.4951746  0.48089427 0.5389346  0.48773688
 0.5020698  0.46728143 0.54619    0.5029695  0.48787367 0.49456105
 0.51810795 0.5169811  0.47459683 0.4930098  0.5053145  0.47768536
 0.49071902 0.53175056 0.5100274  0.49194425 0.4981806  0.53964084
 0.48818997 0.4611722  0.5172555  0.4933778  0.5287403  0.47944263
 0.46875045 0.48872837 0.5026194  0.539818   0.5001729  0.47025177
 0.48002374 0.52961737 0.5014959  0.51434934 0.47988743 0.49963763
 0.51389015 0.47478136 0.52738243 0.5216299  0.48938507 0.48234564
 0.51977825 0.46749735 0.51822543 0.5004919  0.48576692 0.5172517
 0.5035132  0.50191706 0.49655196 0.5160343  0.49319068 0.5229717
 0.4865825  0.49813735 0.48658186 0.5224795  0.5100565  0.492324
 0.48643818 0.47626072 0.52179444 0.45039052 0.49573246 0.4661439
 0.5215366  0.48150596 0.5243585  0.4305624  0.4895867  0.44803062
 0.51524514 0.5270229  0.47668213 0.49243185 0.46989232 0.47807005
 0.49611592 0.48635876 0.49277747 0.513734   0.518156   0.50147325
 0.49640182 0.49828985 0.5441683  0.5270643  0.46648172 0.523023
 0.5055909  0.53547746 0.506513   0.47042504 0.51988316 0.50088924
 0.46553814 0.4815963  0.4816299  0.5339286  0.5135002  0.4749361
 0.51322156 0.48791027 0.54221535 0.5037988  0.4884222  0.49215028
 0.51806086 0.48938733 0.46272397 0.5215395  0.5454934  0.50827795
 0.5341938  0.5300694  0.5105039  0.4663955  0.5072313  0.4776944
 0.4951465  0.49887222 0.47441247 0.5053757  0.48632318 0.4537698
 0.50646144]
2020-11-22 15:11:48[INFO] 
[ddpg][Episode: 0][Step: 12][Metric rate:399570.0 resp:0.001]Reward: -0.0 Score: 0.0 Done: False
2020-11-22 15:11:48[INFO] [ddpg][Episode: 0][Step: 12] step: 0.02444171905517578s env step: 0.018949508666992188s train step: 0.0s restart time: 0.011968135833740234s action time: 0.0005159378051757812s
2020-11-22 15:11:48[INFO] [ddpg][Episode: 0][Step: 12][Average] step: 0.02444171905517578s env step: 0.018949508666992188s train step: 0.0s restart time: 0.011968135833740234s action time: 0.0019407088939960187s
2020-11-22 15:11:48[INFO] [ddpg] Action: [0.5265208  0.5201725  0.49356902 0.48291242 0.5392756  0.50094247
 0.48541254 0.4859038  0.5283821  0.5135507  0.49180558 0.5529243
 0.5291497  0.5290143  0.52564114 0.4924203  0.51249737 0.49512395
 0.53212285 0.5180864  0.5197079  0.511552   0.45203525 0.49330372
 0.48737738 0.5020264  0.5110462  0.5412359  0.4969246  0.53606725
 0.5343594  0.52440786 0.49056932 0.48641735 0.5307234  0.49461272
 0.46733713 0.48515406 0.49518815 0.51801157 0.49647346 0.49652153
 0.5132908  0.47935417 0.50317633 0.48946154 0.5502537  0.5196878
 0.48633897 0.49477258 0.5407683  0.47333086 0.5206227  0.51270777
 0.47474805 0.49826014 0.4951746  0.48089427 0.5389346  0.48773688
 0.5020698  0.46728143 0.54619    0.5029695  0.48787367 0.49456105
 0.51810795 0.5169811  0.47459683 0.4930098  0.5053145  0.47768536
 0.49071902 0.53175056 0.5100274  0.49194425 0.4981806  0.53964084
 0.48818997 0.4611722  0.5172555  0.4933778  0.5287403  0.47944263
 0.46875045 0.48872837 0.5026194  0.539818   0.5001729  0.47025177
 0.48002374 0.52961737 0.5014959  0.51434934 0.47988743 0.49963763
 0.51389015 0.47478136 0.52738243 0.5216299  0.48938507 0.48234564
 0.51977825 0.46749735 0.51822543 0.5004919  0.48576692 0.5172517
 0.5035132  0.50191706 0.49655196 0.5160343  0.49319068 0.5229717
 0.4865825  0.49813735 0.48658186 0.5224795  0.5100565  0.492324
 0.48643818 0.47626072 0.52179444 0.45039052 0.49573246 0.4661439
 0.5215366  0.48150596 0.5243585  0.4305624  0.4895867  0.44803062
 0.51524514 0.5270229  0.47668213 0.49243185 0.46989232 0.47807005
 0.49611592 0.48635876 0.49277747 0.513734   0.518156   0.50147325
 0.49640182 0.49828985 0.5441683  0.5270643  0.46648172 0.523023
 0.5055909  0.53547746 0.506513   0.47042504 0.51988316 0.50088924
 0.46553814 0.4815963  0.4816299  0.5339286  0.5135002  0.4749361
 0.51322156 0.48791027 0.54221535 0.5037988  0.4884222  0.49215028
 0.51806086 0.48938733 0.46272397 0.5215395  0.5454934  0.50827795
 0.5341938  0.5300694  0.5105039  0.4663955  0.5072313  0.4776944
 0.4951465  0.49887222 0.47441247 0.5053757  0.48632318 0.4537698
 0.50646144]
2020-11-22 15:11:48[INFO] 
[ddpg][Episode: 0][Step: 13][Metric rate:399570.0 resp:0.001]Reward: -0.0 Score: 0.0 Done: False
2020-11-22 15:11:48[INFO] [ddpg][Episode: 0][Step: 13] step: 0.02593064308166504s env step: 0.019947528839111328s train step: 0.0s restart time: 0.007979393005371094s action time: 0.0009963512420654297s
2020-11-22 15:11:48[INFO] [ddpg][Episode: 0][Step: 13][Average] step: 0.02593064308166504s env step: 0.019947528839111328s train step: 0.0s restart time: 0.007979393005371094s action time: 0.0018732547760009766s
2020-11-22 15:11:48[INFO] [ddpg] Action: [0.5265208  0.5201725  0.49356902 0.48291242 0.5392756  0.50094247
 0.48541254 0.4859038  0.5283821  0.5135507  0.49180558 0.5529243
 0.5291497  0.5290143  0.52564114 0.4924203  0.51249737 0.49512395
 0.53212285 0.5180864  0.5197079  0.511552   0.45203525 0.49330372
 0.48737738 0.5020264  0.5110462  0.5412359  0.4969246  0.53606725
 0.5343594  0.52440786 0.49056932 0.48641735 0.5307234  0.49461272
 0.46733713 0.48515406 0.49518815 0.51801157 0.49647346 0.49652153
 0.5132908  0.47935417 0.50317633 0.48946154 0.5502537  0.5196878
 0.48633897 0.49477258 0.5407683  0.47333086 0.5206227  0.51270777
 0.47474805 0.49826014 0.4951746  0.48089427 0.5389346  0.48773688
 0.5020698  0.46728143 0.54619    0.5029695  0.48787367 0.49456105
 0.51810795 0.5169811  0.47459683 0.4930098  0.5053145  0.47768536
 0.49071902 0.53175056 0.5100274  0.49194425 0.4981806  0.53964084
 0.48818997 0.4611722  0.5172555  0.4933778  0.5287403  0.47944263
 0.46875045 0.48872837 0.5026194  0.539818   0.5001729  0.47025177
 0.48002374 0.52961737 0.5014959  0.51434934 0.47988743 0.49963763
 0.51389015 0.47478136 0.52738243 0.5216299  0.48938507 0.48234564
 0.51977825 0.46749735 0.51822543 0.5004919  0.48576692 0.5172517
 0.5035132  0.50191706 0.49655196 0.5160343  0.49319068 0.5229717
 0.4865825  0.49813735 0.48658186 0.5224795  0.5100565  0.492324
 0.48643818 0.47626072 0.52179444 0.45039052 0.49573246 0.4661439
 0.5215366  0.48150596 0.5243585  0.4305624  0.4895867  0.44803062
 0.51524514 0.5270229  0.47668213 0.49243185 0.46989232 0.47807005
 0.49611592 0.48635876 0.49277747 0.513734   0.518156   0.50147325
 0.49640182 0.49828985 0.5441683  0.5270643  0.46648172 0.523023
 0.5055909  0.53547746 0.506513   0.47042504 0.51988316 0.50088924
 0.46553814 0.4815963  0.4816299  0.5339286  0.5135002  0.4749361
 0.51322156 0.48791027 0.54221535 0.5037988  0.4884222  0.49215028
 0.51806086 0.48938733 0.46272397 0.5215395  0.5454934  0.50827795
 0.5341938  0.5300694  0.5105039  0.4663955  0.5072313  0.4776944
 0.4951465  0.49887222 0.47441247 0.5053757  0.48632318 0.4537698
 0.50646144]
2020-11-22 15:11:48[INFO] 
[ddpg][Episode: 0][Step: 14][Metric rate:399570.0 resp:0.001]Reward: -0.0 Score: 0.0 Done: False
2020-11-22 15:11:48[INFO] [ddpg][Episode: 0][Step: 14] step: 0.023935794830322266s env step: 0.019946575164794922s train step: 0.0s restart time: 0.012984752655029297s action time: 0.0009970664978027344s
2020-11-22 15:11:48[INFO] [ddpg][Episode: 0][Step: 14][Average] step: 0.023935794830322266s env step: 0.019946575164794922s train step: 0.0s restart time: 0.012984752655029297s action time: 0.0018148422241210938s
2020-11-22 15:11:48[INFO] [ddpg] Action: [0.5265208  0.5201725  0.49356902 0.48291242 0.5392756  0.50094247
 0.48541254 0.4859038  0.5283821  0.5135507  0.49180558 0.5529243
 0.5291497  0.5290143  0.52564114 0.4924203  0.51249737 0.49512395
 0.53212285 0.5180864  0.5197079  0.511552   0.45203525 0.49330372
 0.48737738 0.5020264  0.5110462  0.5412359  0.4969246  0.53606725
 0.5343594  0.52440786 0.49056932 0.48641735 0.5307234  0.49461272
 0.46733713 0.48515406 0.49518815 0.51801157 0.49647346 0.49652153
 0.5132908  0.47935417 0.50317633 0.48946154 0.5502537  0.5196878
 0.48633897 0.49477258 0.5407683  0.47333086 0.5206227  0.51270777
 0.47474805 0.49826014 0.4951746  0.48089427 0.5389346  0.48773688
 0.5020698  0.46728143 0.54619    0.5029695  0.48787367 0.49456105
 0.51810795 0.5169811  0.47459683 0.4930098  0.5053145  0.47768536
 0.49071902 0.53175056 0.5100274  0.49194425 0.4981806  0.53964084
 0.48818997 0.4611722  0.5172555  0.4933778  0.5287403  0.47944263
 0.46875045 0.48872837 0.5026194  0.539818   0.5001729  0.47025177
 0.48002374 0.52961737 0.5014959  0.51434934 0.47988743 0.49963763
 0.51389015 0.47478136 0.52738243 0.5216299  0.48938507 0.48234564
 0.51977825 0.46749735 0.51822543 0.5004919  0.48576692 0.5172517
 0.5035132  0.50191706 0.49655196 0.5160343  0.49319068 0.5229717
 0.4865825  0.49813735 0.48658186 0.5224795  0.5100565  0.492324
 0.48643818 0.47626072 0.52179444 0.45039052 0.49573246 0.4661439
 0.5215366  0.48150596 0.5243585  0.4305624  0.4895867  0.44803062
 0.51524514 0.5270229  0.47668213 0.49243185 0.46989232 0.47807005
 0.49611592 0.48635876 0.49277747 0.513734   0.518156   0.50147325
 0.49640182 0.49828985 0.5441683  0.5270643  0.46648172 0.523023
 0.5055909  0.53547746 0.506513   0.47042504 0.51988316 0.50088924
 0.46553814 0.4815963  0.4816299  0.5339286  0.5135002  0.4749361
 0.51322156 0.48791027 0.54221535 0.5037988  0.4884222  0.49215028
 0.51806086 0.48938733 0.46272397 0.5215395  0.5454934  0.50827795
 0.5341938  0.5300694  0.5105039  0.4663955  0.5072313  0.4776944
 0.4951465  0.49887222 0.47441247 0.5053757  0.48632318 0.4537698
 0.50646144]
2020-11-22 15:11:48[INFO] 
[ddpg][Episode: 0][Step: 15][Metric rate:399570.0 resp:0.001]Reward: -0.0 Score: 0.0 Done: False
2020-11-22 15:11:48[INFO] [ddpg][Episode: 0][Step: 15] step: 0.02892279624938965s env step: 0.017951011657714844s train step: 0.0s restart time: 0.010970592498779297s action time: 0.0010094642639160156s
2020-11-22 15:11:48[INFO] [ddpg][Episode: 0][Step: 15][Average] step: 0.02892279624938965s env step: 0.017951011657714844s train step: 0.0s restart time: 0.010970592498779297s action time: 0.0017645061016082764s
2020-11-22 15:11:48[INFO] [ddpg] Action: [0.5265208  0.5201725  0.49356902 0.48291242 0.5392756  0.50094247
 0.48541254 0.4859038  0.5283821  0.5135507  0.49180558 0.5529243
 0.5291497  0.5290143  0.52564114 0.4924203  0.51249737 0.49512395
 0.53212285 0.5180864  0.5197079  0.511552   0.45203525 0.49330372
 0.48737738 0.5020264  0.5110462  0.5412359  0.4969246  0.53606725
 0.5343594  0.52440786 0.49056932 0.48641735 0.5307234  0.49461272
 0.46733713 0.48515406 0.49518815 0.51801157 0.49647346 0.49652153
 0.5132908  0.47935417 0.50317633 0.48946154 0.5502537  0.5196878
 0.48633897 0.49477258 0.5407683  0.47333086 0.5206227  0.51270777
 0.47474805 0.49826014 0.4951746  0.48089427 0.5389346  0.48773688
 0.5020698  0.46728143 0.54619    0.5029695  0.48787367 0.49456105
 0.51810795 0.5169811  0.47459683 0.4930098  0.5053145  0.47768536
 0.49071902 0.53175056 0.5100274  0.49194425 0.4981806  0.53964084
 0.48818997 0.4611722  0.5172555  0.4933778  0.5287403  0.47944263
 0.46875045 0.48872837 0.5026194  0.539818   0.5001729  0.47025177
 0.48002374 0.52961737 0.5014959  0.51434934 0.47988743 0.49963763
 0.51389015 0.47478136 0.52738243 0.5216299  0.48938507 0.48234564
 0.51977825 0.46749735 0.51822543 0.5004919  0.48576692 0.5172517
 0.5035132  0.50191706 0.49655196 0.5160343  0.49319068 0.5229717
 0.4865825  0.49813735 0.48658186 0.5224795  0.5100565  0.492324
 0.48643818 0.47626072 0.52179444 0.45039052 0.49573246 0.4661439
 0.5215366  0.48150596 0.5243585  0.4305624  0.4895867  0.44803062
 0.51524514 0.5270229  0.47668213 0.49243185 0.46989232 0.47807005
 0.49611592 0.48635876 0.49277747 0.513734   0.518156   0.50147325
 0.49640182 0.49828985 0.5441683  0.5270643  0.46648172 0.523023
 0.5055909  0.53547746 0.506513   0.47042504 0.51988316 0.50088924
 0.46553814 0.4815963  0.4816299  0.5339286  0.5135002  0.4749361
 0.51322156 0.48791027 0.54221535 0.5037988  0.4884222  0.49215028
 0.51806086 0.48938733 0.46272397 0.5215395  0.5454934  0.50827795
 0.5341938  0.5300694  0.5105039  0.4663955  0.5072313  0.4776944
 0.4951465  0.49887222 0.47441247 0.5053757  0.48632318 0.4537698
 0.50646144]
2020-11-22 15:11:48[INFO] 
[ddpg][Episode: 0][Step: 16][Metric rate:399570.0 resp:0.001]Reward: -0.0 Score: 0.0 Done: False
