2020-11-18 16:53:22[INFO] 
[Env initialized][Metric rate: 399570.0 resp: 0.001]
2020-11-18 16:53:22[INFO] [ddpg] Action: [0.5057956  0.47509134 0.487395   0.49526274 0.5159183  0.4890322
 0.5072583  0.4955769  0.4708972  0.4722711  0.55766606 0.4806907
 0.47392964 0.4545437  0.50672776 0.49899638 0.5240506  0.53099203
 0.5301783  0.49765855 0.50169176 0.54494834 0.5189032  0.4947245
 0.5377195  0.5070396  0.47930992 0.5026931  0.51297945 0.46091145
 0.5053663  0.54246503 0.5260628  0.53217113 0.44322026 0.4514476
 0.47947457 0.5266107  0.49391693 0.5370992  0.50417346 0.50790393
 0.51992905 0.5049506  0.5065154  0.5400605  0.5166086  0.4259928
 0.4951062  0.501243   0.52794003 0.49552724 0.51126873 0.5271301
 0.48363063 0.46998572 0.51490366 0.54287815 0.5272249  0.48860723
 0.47684807 0.50159454 0.5103288  0.5062459  0.5013578  0.46879467
 0.504136   0.4735268  0.45712397 0.5137262  0.5108757  0.45639393
 0.5145576  0.48918375 0.49517083 0.52169013 0.49897844 0.5348914
 0.564075   0.49242908 0.48796225 0.46030322 0.52486837 0.4901778
 0.46909183 0.5093961  0.47960806 0.46194506 0.49816546 0.50942665
 0.5305756  0.48710784 0.5038198  0.52135634 0.51243836 0.52396387
 0.528388   0.5033109  0.47034085 0.47815496 0.52943766 0.4952593
 0.482796   0.47043133 0.49438825 0.52775234 0.5194566  0.48893666
 0.51987386 0.50646293 0.51892143 0.49588168 0.51691717 0.4949725
 0.5354474  0.4691693  0.46897706 0.5049183  0.49392414 0.49424657
 0.5177885  0.52988654 0.5202531  0.45877716 0.4988078  0.48488817
 0.4918041  0.5527291  0.48653078 0.45958826 0.5166133  0.47619578
 0.49156108 0.49861386 0.4710016  0.55660963 0.53105354 0.5159391
 0.48913378 0.518851   0.5133406  0.50695103 0.5468624  0.4976877
 0.46215773 0.47255477 0.49173138 0.48335487 0.5330171  0.5450711
 0.523179   0.49734992 0.4790186  0.48767683 0.5181448  0.5268062
 0.54454446 0.4646539  0.5141526  0.5183586  0.51059544 0.542245
 0.51682746 0.5121394  0.46174818 0.48620987 0.52854705 0.48828718
 0.47770724 0.52605206 0.4991927  0.532724   0.46031037 0.50532985
 0.523583   0.4664098  0.46120378 0.47201586 0.48015767 0.4461769
 0.46079078 0.49636087 0.5346062  0.5424633  0.47454166 0.48027688
 0.5181748 ]
2020-11-18 16:53:22[INFO] 
[ddpg][Episode: 0][Step: 0][Metric rate:399570.0 resp:0.001]Reward: None Score: 0.0 Done: False
