2020-11-18 16:54:54[INFO] 
[Env initialized][Metric rate: 399570.0 resp: 0.001]
2020-11-18 16:54:54[INFO] [ddpg] Action: [0.49600998 0.4988604  0.5063095  0.4877117  0.5202458  0.47678593
 0.4797776  0.47626284 0.44241026 0.51028484 0.46738994 0.4920649
 0.5405805  0.49486488 0.52710706 0.5194162  0.4857778  0.5017234
 0.4681498  0.5104485  0.4451695  0.46202305 0.5287035  0.51555437
 0.5142098  0.5123856  0.5200991  0.467616   0.528328   0.49305215
 0.49216488 0.47078902 0.4959052  0.4842522  0.51704085 0.49552584
 0.5124435  0.48381594 0.4851482  0.46356314 0.4709498  0.49405074
 0.51516247 0.5036093  0.4955071  0.49912333 0.51013213 0.5099662
 0.50563776 0.46886364 0.5183895  0.49610466 0.47590953 0.5202483
 0.4959892  0.4666975  0.50809723 0.5134298  0.49191552 0.52028686
 0.47833163 0.5111295  0.5128175  0.53576714 0.5135181  0.44175223
 0.46277982 0.48419607 0.5125429  0.49407798 0.5011981  0.49999154
 0.5194828  0.52014005 0.4930944  0.5075222  0.5091753  0.50830466
 0.5193633  0.50722015 0.4623502  0.45745638 0.520879   0.52791405
 0.49100545 0.4835846  0.4613881  0.4867264  0.4924795  0.5265639
 0.4403147  0.48786736 0.47965074 0.51114094 0.46717024 0.5109918
 0.48064506 0.5080538  0.5128096  0.4979599  0.47888842 0.47399724
 0.4952417  0.44497108 0.46279493 0.52192456 0.47357717 0.49892431
 0.47542715 0.52836126 0.5102443  0.50702584 0.51718473 0.4852334
 0.4515945  0.4523532  0.4997256  0.53944016 0.5139137  0.52373713
 0.4996669  0.48137102 0.49058977 0.5402779  0.5123581  0.50279385
 0.45853278 0.52344507 0.46442038 0.5064292  0.54630303 0.52990407
 0.50718606 0.50199944 0.4812147  0.48546287 0.47801235 0.4941366
 0.47581553 0.54353267 0.5331159  0.46194232 0.5099954  0.5519596
 0.51585656 0.47841603 0.4674885  0.49105063 0.47314578 0.4947755
 0.4949981  0.53972816 0.5111467  0.5364107  0.49174315 0.5024111
 0.45807412 0.5309136  0.5163573  0.50156754 0.4953484  0.51593906
 0.50253284 0.53169817 0.47518155 0.4936429  0.5074419  0.5366756
 0.50484735 0.5391224  0.4936574  0.49152216 0.4951485  0.51754814
 0.54685545 0.49259377 0.49294066 0.4740446  0.43897107 0.45023444
 0.5551472  0.5349492  0.5117241  0.49275413 0.5026422  0.48332512
 0.5380213 ]
2020-11-18 16:54:54[INFO] 
[ddpg][Episode: 0][Step: 0][Metric rate:399570.0 resp:0.001]Reward: None Score: 0.0 Done: False
