2020-11-18 17:03:42[INFO] 
[Env initialized][Metric rate: 399570.0 resp: 0.001]
2020-11-18 17:03:42[INFO] [ddpg] Action: [0.49346948 0.49469426 0.4986452  0.48200822 0.50260586 0.49418962
 0.47961235 0.4892774  0.5106166  0.46500272 0.4924899  0.5087742
 0.45912302 0.4737209  0.4609637  0.5281812  0.46055257 0.4933756
 0.48636842 0.47521546 0.5157389  0.4957185  0.530119   0.492501
 0.49830925 0.50503254 0.51967853 0.50560933 0.4839337  0.48950386
 0.5261384  0.45236316 0.5034026  0.45589697 0.48334938 0.46533903
 0.48334244 0.500446   0.4849569  0.4898789  0.48034695 0.5177384
 0.49038842 0.49877137 0.51879495 0.49800563 0.48114675 0.50725234
 0.5072973  0.5136818  0.4908095  0.49844572 0.49072304 0.4693255
 0.4734368  0.49044892 0.509268   0.48955527 0.5378197  0.49544147
 0.47204393 0.49739552 0.55097353 0.5066659  0.48242453 0.5109732
 0.48063505 0.48752484 0.50783485 0.48480046 0.50178975 0.45797724
 0.48266363 0.4695734  0.53565586 0.46192896 0.5201484  0.52631754
 0.51765645 0.4822369  0.5027046  0.5324753  0.49451765 0.5020721
 0.4749626  0.518225   0.53611505 0.48438352 0.510884   0.4918905
 0.5221583  0.50387275 0.48458934 0.5292221  0.50131524 0.4491332
 0.4705925  0.52424794 0.49519965 0.5001885  0.47579902 0.5130376
 0.5137432  0.4987331  0.5008408  0.51376075 0.5574051  0.4807077
 0.54643005 0.5079781  0.48323646 0.47391418 0.5140736  0.5133953
 0.5043548  0.51659316 0.48072892 0.52671874 0.44516003 0.5007813
 0.44816494 0.4599086  0.49590877 0.4971556  0.5090214  0.4773168
 0.49810582 0.46688965 0.5278881  0.48961174 0.50607526 0.5280585
 0.517884   0.54698944 0.5172398  0.5093512  0.4806537  0.5604402
 0.4920853  0.4723305  0.50976115 0.4656481  0.51274616 0.5306436
 0.51388985 0.46618223 0.53019035 0.531254   0.5382784  0.50172794
 0.4814475  0.52154183 0.47529066 0.48483363 0.46409714 0.42911643
 0.45930642 0.47964525 0.53590846 0.5121653  0.50570345 0.54471624
 0.5156913  0.459791   0.4755068  0.55213    0.47704014 0.4770113
 0.50672084 0.5294328  0.5146225  0.49633774 0.48667067 0.5067037
 0.50083894 0.5037392  0.4836698  0.5338294  0.49441683 0.494435
 0.49697194 0.50453055 0.49600312 0.51857895 0.49747497 0.533941
 0.5194477 ]
2020-11-18 17:03:42[INFO] 
[ddpg][Episode: 0][Step: 0][Metric rate:399570.0 resp:0.001]Reward: -0.0 Score: 0.0 Done: False
