2020-11-18 17:01:32[INFO] 
[Env initialized][Metric rate: 399570.0 resp: 0.001]
2020-11-18 17:01:32[INFO] [ddpg] Action: [0.48958418 0.4895246  0.51162285 0.51505864 0.5127184  0.50417596
 0.4900531  0.5362852  0.52495754 0.5059908  0.53017163 0.49498618
 0.51010346 0.46103933 0.5059759  0.47292706 0.5042208  0.5181103
 0.49919057 0.47732386 0.49700215 0.5071431  0.4757031  0.4930795
 0.5101156  0.51324767 0.52614415 0.51950943 0.4829367  0.47241676
 0.5171876  0.49838197 0.5008713  0.48244062 0.47982717 0.4857815
 0.4629762  0.5168291  0.53568    0.5021327  0.55531716 0.5135279
 0.5182742  0.5205828  0.4817815  0.5315953  0.54268754 0.49285737
 0.51718444 0.50935966 0.436353   0.5368263  0.5419411  0.5366755
 0.45277253 0.5017103  0.4697537  0.5052422  0.5073025  0.47453326
 0.5053682  0.49114367 0.5088151  0.50459474 0.5107233  0.50294846
 0.45241272 0.4785883  0.5270668  0.5281358  0.53892505 0.48584586
 0.5350208  0.49517393 0.54033417 0.46727934 0.48767507 0.5061044
 0.5037321  0.5271099  0.47620606 0.5246634  0.4628923  0.5357343
 0.5140817  0.50556844 0.5000096  0.4964777  0.4936339  0.52723855
 0.48408744 0.5117457  0.47519657 0.49066702 0.52796453 0.50072414
 0.4990397  0.52978075 0.49499518 0.4843196  0.48703042 0.47454253
 0.5065157  0.50654364 0.49137947 0.48624536 0.5065413  0.48370937
 0.462324   0.48444366 0.49029854 0.49992597 0.49685326 0.4736298
 0.48708448 0.4885074  0.4854236  0.48727158 0.4804114  0.51405954
 0.5143067  0.53293747 0.4937461  0.5068742  0.5007146  0.46533635
 0.54971045 0.46453065 0.51941067 0.50579625 0.48825842 0.44586843
 0.44927484 0.4789733  0.4922713  0.45675838 0.448372   0.51276344
 0.5119913  0.50679046 0.5090238  0.4875159  0.49634814 0.4981018
 0.48091224 0.49156788 0.47478718 0.47360107 0.49118346 0.5136567
 0.5239276  0.49007282 0.49715066 0.52284217 0.5099653  0.52142483
 0.48782474 0.4717278  0.55371976 0.4608207  0.49055308 0.49712533
 0.4991172  0.5210828  0.52585644 0.5234742  0.50517815 0.4677957
 0.50859106 0.4709891  0.5184354  0.501095   0.51183313 0.49004963
 0.49314046 0.4770407  0.52328914 0.52453786 0.49866563 0.51971424
 0.5191607  0.48632714 0.5128572  0.4841347  0.50818104 0.51809126
 0.5134538 ]
2020-11-18 17:01:32[INFO] 
[ddpg][Episode: 0][Step: 0][Metric rate:399570.0 resp:0.001]Reward: None Score: 0.0 Done: False
