2020-11-18 16:53:52[INFO] 
[Env initialized][Metric rate: 399570.0 resp: 0.001]
2020-11-18 16:53:52[INFO] [ddpg] Action: [0.5471259  0.46207452 0.50705373 0.48359868 0.47961465 0.4327867
 0.48491687 0.5122161  0.5466081  0.55062443 0.50926393 0.4629069
 0.51326716 0.53126913 0.4859953  0.518873   0.48129433 0.5257184
 0.49763077 0.47896048 0.50185424 0.51353645 0.47769722 0.5597597
 0.526524   0.53495914 0.5232418  0.4902881  0.4669098  0.5044509
 0.49033982 0.46643642 0.53491473 0.55298233 0.47532016 0.4905742
 0.5260642  0.4550187  0.46547025 0.47816846 0.56162316 0.48353907
 0.5075573  0.5143562  0.53998846 0.50756514 0.46238995 0.48633367
 0.4596546  0.45940068 0.5036078  0.49975574 0.4844059  0.50557953
 0.50161415 0.48426133 0.5112739  0.47301015 0.46723062 0.50384045
 0.5069195  0.474488   0.4986543  0.5320581  0.5391712  0.52915674
 0.48415774 0.5245476  0.46335465 0.5017115  0.4931959  0.5046289
 0.49122947 0.4815445  0.4914635  0.48559743 0.5154159  0.54725665
 0.5004905  0.5413112  0.52423656 0.5005682  0.5413853  0.5081327
 0.53418416 0.5217959  0.5476698  0.44190583 0.51835054 0.4698081
 0.50159335 0.45362937 0.475276   0.52536505 0.45508555 0.47537705
 0.49989024 0.5133439  0.5186279  0.49805933 0.48459068 0.49298945
 0.5179623  0.49039164 0.50076705 0.4771081  0.4992488  0.54786515
 0.46972594 0.52622736 0.5056715  0.49740943 0.48880982 0.46544132
 0.5376741  0.4905698  0.5081219  0.48404688 0.49935466 0.44777
 0.49388027 0.5082707  0.5108758  0.47103226 0.49427035 0.49163848
 0.5179932  0.49999726 0.4230366  0.49853498 0.501886   0.52950317
 0.5249778  0.51197875 0.4479003  0.49947223 0.48619765 0.5561839
 0.50249696 0.4763525  0.538322   0.47555164 0.49168676 0.47635394
 0.5073895  0.5506309  0.49906167 0.4855176  0.48484412 0.5175073
 0.5036102  0.48805606 0.48179922 0.47006726 0.49874318 0.53723586
 0.5442546  0.5020407  0.505737   0.46842116 0.5117271  0.49348962
 0.5267681  0.48950517 0.52613854 0.5303553  0.4949218  0.48656058
 0.4868537  0.4690565  0.54047996 0.55346525 0.5414696  0.51291645
 0.45604047 0.5130186  0.498562   0.51970494 0.5246338  0.47261494
 0.5175969  0.47227985 0.47315657 0.48089    0.4950875  0.5193764
 0.4877684 ]
2020-11-18 16:53:52[INFO] 
[ddpg][Episode: 0][Step: 0][Metric rate:399570.0 resp:0.001]Reward: None Score: 0.0 Done: False
