2020-11-22 15:07:30[INFO] 
[Env initialized][Metric rate: 399570.0 resp: 0.001]
2020-11-22 15:07:30[INFO] [ddpg] Action: [0.50957364 0.49304387 0.4527799  0.51953286 0.4767699  0.47037786
 0.49893546 0.5189545  0.48557538 0.46721137 0.45394287 0.51303416
 0.5448949  0.53124774 0.45095515 0.5204679  0.45248076 0.47392076
 0.5149288  0.4977489  0.46793506 0.5287945  0.46651584 0.52043444
 0.51481605 0.4610256  0.55516267 0.5308521  0.47232547 0.5127683
 0.52817726 0.5110142  0.51128423 0.50616723 0.5160185  0.5175605
 0.5382506  0.5299859  0.52609074 0.52782184 0.53650063 0.4822981
 0.5225144  0.50166035 0.51210755 0.518733   0.52301425 0.4868079
 0.5200354  0.51626617 0.47491243 0.5303028  0.52473825 0.55392015
 0.4769464  0.46766353 0.53832024 0.4912218  0.4898334  0.48188037
 0.5162617  0.48044807 0.49222434 0.527259   0.47832388 0.47416803
 0.4910707  0.5088797  0.49302143 0.49859917 0.5095032  0.50717163
 0.46747297 0.4919869  0.5033579  0.47076327 0.4608237  0.48476225
 0.4994768  0.5300101  0.53336495 0.5032073  0.5167847  0.47105056
 0.46462163 0.5199602  0.4676364  0.49537495 0.5163195  0.4938011
 0.49310502 0.5545201  0.4923091  0.5236873  0.4875636  0.5044584
 0.5277907  0.5423258  0.51830107 0.45218134 0.49300048 0.55874866
 0.48562154 0.51301825 0.48784643 0.46264255 0.5078576  0.51256263
 0.4866883  0.517425   0.55544275 0.48062253 0.51020825 0.4975707
 0.47465885 0.5008503  0.4707767  0.5571836  0.47219563 0.51829106
 0.5062644  0.5552066  0.4819575  0.5257228  0.51847726 0.48290053
 0.519364   0.5473175  0.5389904  0.5096567  0.50566417 0.47839764
 0.48806003 0.5032846  0.45898217 0.46099043 0.5239614  0.49880445
 0.5157087  0.54271394 0.49329704 0.48518264 0.50466484 0.46944425
 0.48734233 0.49600282 0.46566403 0.5234015  0.5364045  0.5019905
 0.46536914 0.44070953 0.507045   0.5202375  0.4981593  0.48202226
 0.47709882 0.5585626  0.5234037  0.48226666 0.44771305 0.48830006
 0.47336942 0.5325087  0.4993923  0.5016678  0.50992143 0.5148069
 0.5147664  0.51031363 0.46062583 0.55636567 0.50586617 0.48054892
 0.504206   0.4924706  0.51095176 0.5152601  0.49734178 0.52894515
 0.5140106  0.4814686  0.546174   0.5407985  0.47970253 0.5363876
 0.54742825]
2020-11-22 15:07:30[INFO] 
[ddpg][Episode: 0][Step: 0][Metric rate:399570.0 resp:0.001]Reward: -0.0 Score: 0.0 Done: False
2020-11-22 15:07:30[INFO] [ddpg][Episode: 0][Step: 0] step: 0.027925729751586914s env step: 0.014959096908569336s train step: 0.0s restart time: 0.008975744247436523s action time: 0.0009975433349609375s
2020-11-22 15:07:30[INFO] [ddpg][Episode: 0][Step: 0][Average] step: 0.027925729751586914s env step: 0.014959096908569336s train step: 0.0s restart time: 0.008975744247436523s action time: 0.0009975433349609375s
2020-11-22 15:07:30[INFO] [ddpg] Action: [0.50957364 0.49304387 0.4527799  0.51953286 0.4767699  0.47037786
 0.49893546 0.5189545  0.48557538 0.46721137 0.45394287 0.51303416
 0.5448949  0.53124774 0.45095515 0.5204679  0.45248076 0.47392076
 0.5149288  0.4977489  0.46793506 0.5287945  0.46651584 0.52043444
 0.51481605 0.4610256  0.55516267 0.5308521  0.47232547 0.5127683
 0.52817726 0.5110142  0.51128423 0.50616723 0.5160185  0.5175605
 0.5382506  0.5299859  0.52609074 0.52782184 0.53650063 0.4822981
 0.5225144  0.50166035 0.51210755 0.518733   0.52301425 0.4868079
 0.5200354  0.51626617 0.47491243 0.5303028  0.52473825 0.55392015
 0.4769464  0.46766353 0.53832024 0.4912218  0.4898334  0.48188037
 0.5162617  0.48044807 0.49222434 0.527259   0.47832388 0.47416803
 0.4910707  0.5088797  0.49302143 0.49859917 0.5095032  0.50717163
 0.46747297 0.4919869  0.5033579  0.47076327 0.4608237  0.48476225
 0.4994768  0.5300101  0.53336495 0.5032073  0.5167847  0.47105056
 0.46462163 0.5199602  0.4676364  0.49537495 0.5163195  0.4938011
 0.49310502 0.5545201  0.4923091  0.5236873  0.4875636  0.5044584
 0.5277907  0.5423258  0.51830107 0.45218134 0.49300048 0.55874866
 0.48562154 0.51301825 0.48784643 0.46264255 0.5078576  0.51256263
 0.4866883  0.517425   0.55544275 0.48062253 0.51020825 0.4975707
 0.47465885 0.5008503  0.4707767  0.5571836  0.47219563 0.51829106
 0.5062644  0.5552066  0.4819575  0.5257228  0.51847726 0.48290053
 0.519364   0.5473175  0.5389904  0.5096567  0.50566417 0.47839764
 0.48806003 0.5032846  0.45898217 0.46099043 0.5239614  0.49880445
 0.5157087  0.54271394 0.49329704 0.48518264 0.50466484 0.46944425
 0.48734233 0.49600282 0.46566403 0.5234015  0.5364045  0.5019905
 0.46536914 0.44070953 0.507045   0.5202375  0.4981593  0.48202226
 0.47709882 0.5585626  0.5234037  0.48226666 0.44771305 0.48830006
 0.47336942 0.5325087  0.4993923  0.5016678  0.50992143 0.5148069
 0.5147664  0.51031363 0.46062583 0.55636567 0.50586617 0.48054892
 0.504206   0.4924706  0.51095176 0.5152601  0.49734178 0.52894515
 0.5140106  0.4814686  0.546174   0.5407985  0.47970253 0.5363876
 0.54742825]
2020-11-22 15:07:30[INFO] 
[ddpg][Episode: 0][Step: 1][Metric rate:399570.0 resp:0.001]Reward: -0.0 Score: 0.0 Done: False
2020-11-22 15:07:30[INFO] [ddpg][Episode: 0][Step: 1] step: 0.033908843994140625s env step: 0.018949270248413086s train step: 0.0s restart time: 0.012964963912963867s action time: 0.0009975433349609375s
2020-11-22 15:07:30[INFO] [ddpg][Episode: 0][Step: 1][Average] step: 0.033908843994140625s env step: 0.018949270248413086s train step: 0.0s restart time: 0.012964963912963867s action time: 0.0009975433349609375s
2020-11-22 15:07:30[INFO] [ddpg] Action: [0.50957364 0.49304387 0.4527799  0.51953286 0.4767699  0.47037786
 0.49893546 0.5189545  0.48557538 0.46721137 0.45394287 0.51303416
 0.5448949  0.53124774 0.45095515 0.5204679  0.45248076 0.47392076
 0.5149288  0.4977489  0.46793506 0.5287945  0.46651584 0.52043444
 0.51481605 0.4610256  0.55516267 0.5308521  0.47232547 0.5127683
 0.52817726 0.5110142  0.51128423 0.50616723 0.5160185  0.5175605
 0.5382506  0.5299859  0.52609074 0.52782184 0.53650063 0.4822981
 0.5225144  0.50166035 0.51210755 0.518733   0.52301425 0.4868079
 0.5200354  0.51626617 0.47491243 0.5303028  0.52473825 0.55392015
 0.4769464  0.46766353 0.53832024 0.4912218  0.4898334  0.48188037
 0.5162617  0.48044807 0.49222434 0.527259   0.47832388 0.47416803
 0.4910707  0.5088797  0.49302143 0.49859917 0.5095032  0.50717163
 0.46747297 0.4919869  0.5033579  0.47076327 0.4608237  0.48476225
 0.4994768  0.5300101  0.53336495 0.5032073  0.5167847  0.47105056
 0.46462163 0.5199602  0.4676364  0.49537495 0.5163195  0.4938011
 0.49310502 0.5545201  0.4923091  0.5236873  0.4875636  0.5044584
 0.5277907  0.5423258  0.51830107 0.45218134 0.49300048 0.55874866
 0.48562154 0.51301825 0.48784643 0.46264255 0.5078576  0.51256263
 0.4866883  0.517425   0.55544275 0.48062253 0.51020825 0.4975707
 0.47465885 0.5008503  0.4707767  0.5571836  0.47219563 0.51829106
 0.5062644  0.5552066  0.4819575  0.5257228  0.51847726 0.48290053
 0.519364   0.5473175  0.5389904  0.5096567  0.50566417 0.47839764
 0.48806003 0.5032846  0.45898217 0.46099043 0.5239614  0.49880445
 0.5157087  0.54271394 0.49329704 0.48518264 0.50466484 0.46944425
 0.48734233 0.49600282 0.46566403 0.5234015  0.5364045  0.5019905
 0.46536914 0.44070953 0.507045   0.5202375  0.4981593  0.48202226
 0.47709882 0.5585626  0.5234037  0.48226666 0.44771305 0.48830006
 0.47336942 0.5325087  0.4993923  0.5016678  0.50992143 0.5148069
 0.5147664  0.51031363 0.46062583 0.55636567 0.50586617 0.48054892
 0.504206   0.4924706  0.51095176 0.5152601  0.49734178 0.52894515
 0.5140106  0.4814686  0.546174   0.5407985  0.47970253 0.5363876
 0.54742825]
2020-11-22 15:07:30[INFO] 
[ddpg][Episode: 0][Step: 2][Metric rate:399570.0 resp:0.001]Reward: -0.0 Score: 0.0 Done: False
2020-11-22 15:07:30[INFO] [ddpg][Episode: 0][Step: 2] step: 0.03191518783569336s env step: 0.016954660415649414s train step: 0.0s restart time: 0.00997304916381836s action time: 0.0009980201721191406s
2020-11-22 15:07:30[INFO] [ddpg][Episode: 0][Step: 2][Average] step: 0.03191518783569336s env step: 0.016954660415649414s train step: 0.0s restart time: 0.00997304916381836s action time: 0.0009977022806803386s
2020-11-22 15:07:30[INFO] [ddpg] Action: [0.50957364 0.49304387 0.4527799  0.51953286 0.4767699  0.47037786
 0.49893546 0.5189545  0.48557538 0.46721137 0.45394287 0.51303416
 0.5448949  0.53124774 0.45095515 0.5204679  0.45248076 0.47392076
 0.5149288  0.4977489  0.46793506 0.5287945  0.46651584 0.52043444
 0.51481605 0.4610256  0.55516267 0.5308521  0.47232547 0.5127683
 0.52817726 0.5110142  0.51128423 0.50616723 0.5160185  0.5175605
 0.5382506  0.5299859  0.52609074 0.52782184 0.53650063 0.4822981
 0.5225144  0.50166035 0.51210755 0.518733   0.52301425 0.4868079
 0.5200354  0.51626617 0.47491243 0.5303028  0.52473825 0.55392015
 0.4769464  0.46766353 0.53832024 0.4912218  0.4898334  0.48188037
 0.5162617  0.48044807 0.49222434 0.527259   0.47832388 0.47416803
 0.4910707  0.5088797  0.49302143 0.49859917 0.5095032  0.50717163
 0.46747297 0.4919869  0.5033579  0.47076327 0.4608237  0.48476225
 0.4994768  0.5300101  0.53336495 0.5032073  0.5167847  0.47105056
 0.46462163 0.5199602  0.4676364  0.49537495 0.5163195  0.4938011
 0.49310502 0.5545201  0.4923091  0.5236873  0.4875636  0.5044584
 0.5277907  0.5423258  0.51830107 0.45218134 0.49300048 0.55874866
 0.48562154 0.51301825 0.48784643 0.46264255 0.5078576  0.51256263
 0.4866883  0.517425   0.55544275 0.48062253 0.51020825 0.4975707
 0.47465885 0.5008503  0.4707767  0.5571836  0.47219563 0.51829106
 0.5062644  0.5552066  0.4819575  0.5257228  0.51847726 0.48290053
 0.519364   0.5473175  0.5389904  0.5096567  0.50566417 0.47839764
 0.48806003 0.5032846  0.45898217 0.46099043 0.5239614  0.49880445
 0.5157087  0.54271394 0.49329704 0.48518264 0.50466484 0.46944425
 0.48734233 0.49600282 0.46566403 0.5234015  0.5364045  0.5019905
 0.46536914 0.44070953 0.507045   0.5202375  0.4981593  0.48202226
 0.47709882 0.5585626  0.5234037  0.48226666 0.44771305 0.48830006
 0.47336942 0.5325087  0.4993923  0.5016678  0.50992143 0.5148069
 0.5147664  0.51031363 0.46062583 0.55636567 0.50586617 0.48054892
 0.504206   0.4924706  0.51095176 0.5152601  0.49734178 0.52894515
 0.5140106  0.4814686  0.546174   0.5407985  0.47970253 0.5363876
 0.54742825]
2020-11-22 15:07:30[INFO] 
[ddpg][Episode: 0][Step: 3][Metric rate:399570.0 resp:0.001]Reward: -0.0 Score: 0.0 Done: False
2020-11-22 15:07:30[INFO] [ddpg][Episode: 0][Step: 3] step: 0.030916213989257812s env step: 0.017952680587768555s train step: 0.0s restart time: 0.010971307754516602s action time: 0.0s
2020-11-22 15:07:30[INFO] [ddpg][Episode: 0][Step: 3][Average] step: 0.030916213989257812s env step: 0.017952680587768555s train step: 0.0s restart time: 0.010971307754516602s action time: 0.0007482767105102539s
2020-11-22 15:07:30[INFO] [ddpg] Action: [0.50957364 0.49304387 0.4527799  0.51953286 0.4767699  0.47037786
 0.49893546 0.5189545  0.48557538 0.46721137 0.45394287 0.51303416
 0.5448949  0.53124774 0.45095515 0.5204679  0.45248076 0.47392076
 0.5149288  0.4977489  0.46793506 0.5287945  0.46651584 0.52043444
 0.51481605 0.4610256  0.55516267 0.5308521  0.47232547 0.5127683
 0.52817726 0.5110142  0.51128423 0.50616723 0.5160185  0.5175605
 0.5382506  0.5299859  0.52609074 0.52782184 0.53650063 0.4822981
 0.5225144  0.50166035 0.51210755 0.518733   0.52301425 0.4868079
 0.5200354  0.51626617 0.47491243 0.5303028  0.52473825 0.55392015
 0.4769464  0.46766353 0.53832024 0.4912218  0.4898334  0.48188037
 0.5162617  0.48044807 0.49222434 0.527259   0.47832388 0.47416803
 0.4910707  0.5088797  0.49302143 0.49859917 0.5095032  0.50717163
 0.46747297 0.4919869  0.5033579  0.47076327 0.4608237  0.48476225
 0.4994768  0.5300101  0.53336495 0.5032073  0.5167847  0.47105056
 0.46462163 0.5199602  0.4676364  0.49537495 0.5163195  0.4938011
 0.49310502 0.5545201  0.4923091  0.5236873  0.4875636  0.5044584
 0.5277907  0.5423258  0.51830107 0.45218134 0.49300048 0.55874866
 0.48562154 0.51301825 0.48784643 0.46264255 0.5078576  0.51256263
 0.4866883  0.517425   0.55544275 0.48062253 0.51020825 0.4975707
 0.47465885 0.5008503  0.4707767  0.5571836  0.47219563 0.51829106
 0.5062644  0.5552066  0.4819575  0.5257228  0.51847726 0.48290053
 0.519364   0.5473175  0.5389904  0.5096567  0.50566417 0.47839764
 0.48806003 0.5032846  0.45898217 0.46099043 0.5239614  0.49880445
 0.5157087  0.54271394 0.49329704 0.48518264 0.50466484 0.46944425
 0.48734233 0.49600282 0.46566403 0.5234015  0.5364045  0.5019905
 0.46536914 0.44070953 0.507045   0.5202375  0.4981593  0.48202226
 0.47709882 0.5585626  0.5234037  0.48226666 0.44771305 0.48830006
 0.47336942 0.5325087  0.4993923  0.5016678  0.50992143 0.5148069
 0.5147664  0.51031363 0.46062583 0.55636567 0.50586617 0.48054892
 0.504206   0.4924706  0.51095176 0.5152601  0.49734178 0.52894515
 0.5140106  0.4814686  0.546174   0.5407985  0.47970253 0.5363876
 0.54742825]
2020-11-22 15:07:30[INFO] 
[ddpg][Episode: 0][Step: 4][Metric rate:399570.0 resp:0.001]Reward: -0.0 Score: 0.0 Done: False
2020-11-22 15:07:30[INFO] [ddpg][Episode: 0][Step: 4] step: 0.030918359756469727s env step: 0.015957355499267578s train step: 0.0s restart time: 0.009973526000976562s action time: 0.0009970664978027344s
2020-11-22 15:07:30[INFO] [ddpg][Episode: 0][Step: 4][Average] step: 0.030918359756469727s env step: 0.015957355499267578s train step: 0.0s restart time: 0.009973526000976562s action time: 0.00079803466796875s
2020-11-22 15:07:30[INFO] [ddpg] Action: [0.50957364 0.49304387 0.4527799  0.51953286 0.4767699  0.47037786
 0.49893546 0.5189545  0.48557538 0.46721137 0.45394287 0.51303416
 0.5448949  0.53124774 0.45095515 0.5204679  0.45248076 0.47392076
 0.5149288  0.4977489  0.46793506 0.5287945  0.46651584 0.52043444
 0.51481605 0.4610256  0.55516267 0.5308521  0.47232547 0.5127683
 0.52817726 0.5110142  0.51128423 0.50616723 0.5160185  0.5175605
 0.5382506  0.5299859  0.52609074 0.52782184 0.53650063 0.4822981
 0.5225144  0.50166035 0.51210755 0.518733   0.52301425 0.4868079
 0.5200354  0.51626617 0.47491243 0.5303028  0.52473825 0.55392015
 0.4769464  0.46766353 0.53832024 0.4912218  0.4898334  0.48188037
 0.5162617  0.48044807 0.49222434 0.527259   0.47832388 0.47416803
 0.4910707  0.5088797  0.49302143 0.49859917 0.5095032  0.50717163
 0.46747297 0.4919869  0.5033579  0.47076327 0.4608237  0.48476225
 0.4994768  0.5300101  0.53336495 0.5032073  0.5167847  0.47105056
 0.46462163 0.5199602  0.4676364  0.49537495 0.5163195  0.4938011
 0.49310502 0.5545201  0.4923091  0.5236873  0.4875636  0.5044584
 0.5277907  0.5423258  0.51830107 0.45218134 0.49300048 0.55874866
 0.48562154 0.51301825 0.48784643 0.46264255 0.5078576  0.51256263
 0.4866883  0.517425   0.55544275 0.48062253 0.51020825 0.4975707
 0.47465885 0.5008503  0.4707767  0.5571836  0.47219563 0.51829106
 0.5062644  0.5552066  0.4819575  0.5257228  0.51847726 0.48290053
 0.519364   0.5473175  0.5389904  0.5096567  0.50566417 0.47839764
 0.48806003 0.5032846  0.45898217 0.46099043 0.5239614  0.49880445
 0.5157087  0.54271394 0.49329704 0.48518264 0.50466484 0.46944425
 0.48734233 0.49600282 0.46566403 0.5234015  0.5364045  0.5019905
 0.46536914 0.44070953 0.507045   0.5202375  0.4981593  0.48202226
 0.47709882 0.5585626  0.5234037  0.48226666 0.44771305 0.48830006
 0.47336942 0.5325087  0.4993923  0.5016678  0.50992143 0.5148069
 0.5147664  0.51031363 0.46062583 0.55636567 0.50586617 0.48054892
 0.504206   0.4924706  0.51095176 0.5152601  0.49734178 0.52894515
 0.5140106  0.4814686  0.546174   0.5407985  0.47970253 0.5363876
 0.54742825]
2020-11-22 15:07:30[INFO] 
[ddpg][Episode: 0][Step: 5][Metric rate:399570.0 resp:0.001]Reward: -0.0 Score: 0.0 Done: False
2020-11-22 15:07:30[INFO] [ddpg][Episode: 0][Step: 5] step: 0.05186009407043457s env step: 0.043897151947021484s train step: 0.0s restart time: 0.0359039306640625s action time: 0.0s
2020-11-22 15:07:30[INFO] [ddpg][Episode: 0][Step: 5][Average] step: 0.05186009407043457s env step: 0.043897151947021484s train step: 0.0s restart time: 0.0359039306640625s action time: 0.0006650288899739584s
2020-11-22 15:07:30[INFO] [ddpg] Action: [0.50957364 0.49304387 0.4527799  0.51953286 0.4767699  0.47037786
 0.49893546 0.5189545  0.48557538 0.46721137 0.45394287 0.51303416
 0.5448949  0.53124774 0.45095515 0.5204679  0.45248076 0.47392076
 0.5149288  0.4977489  0.46793506 0.5287945  0.46651584 0.52043444
 0.51481605 0.4610256  0.55516267 0.5308521  0.47232547 0.5127683
 0.52817726 0.5110142  0.51128423 0.50616723 0.5160185  0.5175605
 0.5382506  0.5299859  0.52609074 0.52782184 0.53650063 0.4822981
 0.5225144  0.50166035 0.51210755 0.518733   0.52301425 0.4868079
 0.5200354  0.51626617 0.47491243 0.5303028  0.52473825 0.55392015
 0.4769464  0.46766353 0.53832024 0.4912218  0.4898334  0.48188037
 0.5162617  0.48044807 0.49222434 0.527259   0.47832388 0.47416803
 0.4910707  0.5088797  0.49302143 0.49859917 0.5095032  0.50717163
 0.46747297 0.4919869  0.5033579  0.47076327 0.4608237  0.48476225
 0.4994768  0.5300101  0.53336495 0.5032073  0.5167847  0.47105056
 0.46462163 0.5199602  0.4676364  0.49537495 0.5163195  0.4938011
 0.49310502 0.5545201  0.4923091  0.5236873  0.4875636  0.5044584
 0.5277907  0.5423258  0.51830107 0.45218134 0.49300048 0.55874866
 0.48562154 0.51301825 0.48784643 0.46264255 0.5078576  0.51256263
 0.4866883  0.517425   0.55544275 0.48062253 0.51020825 0.4975707
 0.47465885 0.5008503  0.4707767  0.5571836  0.47219563 0.51829106
 0.5062644  0.5552066  0.4819575  0.5257228  0.51847726 0.48290053
 0.519364   0.5473175  0.5389904  0.5096567  0.50566417 0.47839764
 0.48806003 0.5032846  0.45898217 0.46099043 0.5239614  0.49880445
 0.5157087  0.54271394 0.49329704 0.48518264 0.50466484 0.46944425
 0.48734233 0.49600282 0.46566403 0.5234015  0.5364045  0.5019905
 0.46536914 0.44070953 0.507045   0.5202375  0.4981593  0.48202226
 0.47709882 0.5585626  0.5234037  0.48226666 0.44771305 0.48830006
 0.47336942 0.5325087  0.4993923  0.5016678  0.50992143 0.5148069
 0.5147664  0.51031363 0.46062583 0.55636567 0.50586617 0.48054892
 0.504206   0.4924706  0.51095176 0.5152601  0.49734178 0.52894515
 0.5140106  0.4814686  0.546174   0.5407985  0.47970253 0.5363876
 0.54742825]
2020-11-22 15:07:30[INFO] 
[ddpg][Episode: 0][Step: 6][Metric rate:399570.0 resp:0.001]Reward: -0.0 Score: 0.0 Done: False
2020-11-22 15:07:30[INFO] [ddpg][Episode: 0][Step: 6] step: 0.028429269790649414s env step: 0.016956329345703125s train step: 0.0s restart time: 0.009973764419555664s action time: 0.0s
2020-11-22 15:07:30[INFO] [ddpg][Episode: 0][Step: 6][Average] step: 0.028429269790649414s env step: 0.016956329345703125s train step: 0.0s restart time: 0.009973764419555664s action time: 0.0005700247628348214s
2020-11-22 15:07:30[INFO] [ddpg] Action: [0.50957364 0.49304387 0.4527799  0.51953286 0.4767699  0.47037786
 0.49893546 0.5189545  0.48557538 0.46721137 0.45394287 0.51303416
 0.5448949  0.53124774 0.45095515 0.5204679  0.45248076 0.47392076
 0.5149288  0.4977489  0.46793506 0.5287945  0.46651584 0.52043444
 0.51481605 0.4610256  0.55516267 0.5308521  0.47232547 0.5127683
 0.52817726 0.5110142  0.51128423 0.50616723 0.5160185  0.5175605
 0.5382506  0.5299859  0.52609074 0.52782184 0.53650063 0.4822981
 0.5225144  0.50166035 0.51210755 0.518733   0.52301425 0.4868079
 0.5200354  0.51626617 0.47491243 0.5303028  0.52473825 0.55392015
 0.4769464  0.46766353 0.53832024 0.4912218  0.4898334  0.48188037
 0.5162617  0.48044807 0.49222434 0.527259   0.47832388 0.47416803
 0.4910707  0.5088797  0.49302143 0.49859917 0.5095032  0.50717163
 0.46747297 0.4919869  0.5033579  0.47076327 0.4608237  0.48476225
 0.4994768  0.5300101  0.53336495 0.5032073  0.5167847  0.47105056
 0.46462163 0.5199602  0.4676364  0.49537495 0.5163195  0.4938011
 0.49310502 0.5545201  0.4923091  0.5236873  0.4875636  0.5044584
 0.5277907  0.5423258  0.51830107 0.45218134 0.49300048 0.55874866
 0.48562154 0.51301825 0.48784643 0.46264255 0.5078576  0.51256263
 0.4866883  0.517425   0.55544275 0.48062253 0.51020825 0.4975707
 0.47465885 0.5008503  0.4707767  0.5571836  0.47219563 0.51829106
 0.5062644  0.5552066  0.4819575  0.5257228  0.51847726 0.48290053
 0.519364   0.5473175  0.5389904  0.5096567  0.50566417 0.47839764
 0.48806003 0.5032846  0.45898217 0.46099043 0.5239614  0.49880445
 0.5157087  0.54271394 0.49329704 0.48518264 0.50466484 0.46944425
 0.48734233 0.49600282 0.46566403 0.5234015  0.5364045  0.5019905
 0.46536914 0.44070953 0.507045   0.5202375  0.4981593  0.48202226
 0.47709882 0.5585626  0.5234037  0.48226666 0.44771305 0.48830006
 0.47336942 0.5325087  0.4993923  0.5016678  0.50992143 0.5148069
 0.5147664  0.51031363 0.46062583 0.55636567 0.50586617 0.48054892
 0.504206   0.4924706  0.51095176 0.5152601  0.49734178 0.52894515
 0.5140106  0.4814686  0.546174   0.5407985  0.47970253 0.5363876
 0.54742825]
2020-11-22 15:07:30[INFO] 
[ddpg][Episode: 0][Step: 7][Metric rate:399570.0 resp:0.001]Reward: -0.0 Score: 0.0 Done: False
2020-11-22 15:07:30[INFO] [ddpg][Episode: 0][Step: 7] step: 0.03392744064331055s env step: 0.01795220375061035s train step: 0.0s restart time: 0.011969327926635742s action time: 0.000997304916381836s
2020-11-22 15:07:30[INFO] [ddpg][Episode: 0][Step: 7][Average] step: 0.03392744064331055s env step: 0.01795220375061035s train step: 0.0s restart time: 0.011969327926635742s action time: 0.0006234347820281982s
2020-11-22 15:07:30[INFO] [ddpg] Action: [0.50957364 0.49304387 0.4527799  0.51953286 0.4767699  0.47037786
 0.49893546 0.5189545  0.48557538 0.46721137 0.45394287 0.51303416
 0.5448949  0.53124774 0.45095515 0.5204679  0.45248076 0.47392076
 0.5149288  0.4977489  0.46793506 0.5287945  0.46651584 0.52043444
 0.51481605 0.4610256  0.55516267 0.5308521  0.47232547 0.5127683
 0.52817726 0.5110142  0.51128423 0.50616723 0.5160185  0.5175605
 0.5382506  0.5299859  0.52609074 0.52782184 0.53650063 0.4822981
 0.5225144  0.50166035 0.51210755 0.518733   0.52301425 0.4868079
 0.5200354  0.51626617 0.47491243 0.5303028  0.52473825 0.55392015
 0.4769464  0.46766353 0.53832024 0.4912218  0.4898334  0.48188037
 0.5162617  0.48044807 0.49222434 0.527259   0.47832388 0.47416803
 0.4910707  0.5088797  0.49302143 0.49859917 0.5095032  0.50717163
 0.46747297 0.4919869  0.5033579  0.47076327 0.4608237  0.48476225
 0.4994768  0.5300101  0.53336495 0.5032073  0.5167847  0.47105056
 0.46462163 0.5199602  0.4676364  0.49537495 0.5163195  0.4938011
 0.49310502 0.5545201  0.4923091  0.5236873  0.4875636  0.5044584
 0.5277907  0.5423258  0.51830107 0.45218134 0.49300048 0.55874866
 0.48562154 0.51301825 0.48784643 0.46264255 0.5078576  0.51256263
 0.4866883  0.517425   0.55544275 0.48062253 0.51020825 0.4975707
 0.47465885 0.5008503  0.4707767  0.5571836  0.47219563 0.51829106
 0.5062644  0.5552066  0.4819575  0.5257228  0.51847726 0.48290053
 0.519364   0.5473175  0.5389904  0.5096567  0.50566417 0.47839764
 0.48806003 0.5032846  0.45898217 0.46099043 0.5239614  0.49880445
 0.5157087  0.54271394 0.49329704 0.48518264 0.50466484 0.46944425
 0.48734233 0.49600282 0.46566403 0.5234015  0.5364045  0.5019905
 0.46536914 0.44070953 0.507045   0.5202375  0.4981593  0.48202226
 0.47709882 0.5585626  0.5234037  0.48226666 0.44771305 0.48830006
 0.47336942 0.5325087  0.4993923  0.5016678  0.50992143 0.5148069
 0.5147664  0.51031363 0.46062583 0.55636567 0.50586617 0.48054892
 0.504206   0.4924706  0.51095176 0.5152601  0.49734178 0.52894515
 0.5140106  0.4814686  0.546174   0.5407985  0.47970253 0.5363876
 0.54742825]
2020-11-22 15:07:30[INFO] 
[ddpg][Episode: 0][Step: 8][Metric rate:399570.0 resp:0.001]Reward: -0.0 Score: 0.0 Done: False
2020-11-22 15:07:30[INFO] [ddpg][Episode: 0][Step: 8] step: 0.043904781341552734s env step: 0.027925729751586914s train step: 0.0s restart time: 0.012964487075805664s action time: 0.0s
2020-11-22 15:07:30[INFO] [ddpg][Episode: 0][Step: 8][Average] step: 0.043904781341552734s env step: 0.027925729751586914s train step: 0.0s restart time: 0.012964487075805664s action time: 0.0005541642506917318s
2020-11-22 15:07:30[INFO] [ddpg] Action: [0.50957364 0.49304387 0.4527799  0.51953286 0.4767699  0.47037786
 0.49893546 0.5189545  0.48557538 0.46721137 0.45394287 0.51303416
 0.5448949  0.53124774 0.45095515 0.5204679  0.45248076 0.47392076
 0.5149288  0.4977489  0.46793506 0.5287945  0.46651584 0.52043444
 0.51481605 0.4610256  0.55516267 0.5308521  0.47232547 0.5127683
 0.52817726 0.5110142  0.51128423 0.50616723 0.5160185  0.5175605
 0.5382506  0.5299859  0.52609074 0.52782184 0.53650063 0.4822981
 0.5225144  0.50166035 0.51210755 0.518733   0.52301425 0.4868079
 0.5200354  0.51626617 0.47491243 0.5303028  0.52473825 0.55392015
 0.4769464  0.46766353 0.53832024 0.4912218  0.4898334  0.48188037
 0.5162617  0.48044807 0.49222434 0.527259   0.47832388 0.47416803
 0.4910707  0.5088797  0.49302143 0.49859917 0.5095032  0.50717163
 0.46747297 0.4919869  0.5033579  0.47076327 0.4608237  0.48476225
 0.4994768  0.5300101  0.53336495 0.5032073  0.5167847  0.47105056
 0.46462163 0.5199602  0.4676364  0.49537495 0.5163195  0.4938011
 0.49310502 0.5545201  0.4923091  0.5236873  0.4875636  0.5044584
 0.5277907  0.5423258  0.51830107 0.45218134 0.49300048 0.55874866
 0.48562154 0.51301825 0.48784643 0.46264255 0.5078576  0.51256263
 0.4866883  0.517425   0.55544275 0.48062253 0.51020825 0.4975707
 0.47465885 0.5008503  0.4707767  0.5571836  0.47219563 0.51829106
 0.5062644  0.5552066  0.4819575  0.5257228  0.51847726 0.48290053
 0.519364   0.5473175  0.5389904  0.5096567  0.50566417 0.47839764
 0.48806003 0.5032846  0.45898217 0.46099043 0.5239614  0.49880445
 0.5157087  0.54271394 0.49329704 0.48518264 0.50466484 0.46944425
 0.48734233 0.49600282 0.46566403 0.5234015  0.5364045  0.5019905
 0.46536914 0.44070953 0.507045   0.5202375  0.4981593  0.48202226
 0.47709882 0.5585626  0.5234037  0.48226666 0.44771305 0.48830006
 0.47336942 0.5325087  0.4993923  0.5016678  0.50992143 0.5148069
 0.5147664  0.51031363 0.46062583 0.55636567 0.50586617 0.48054892
 0.504206   0.4924706  0.51095176 0.5152601  0.49734178 0.52894515
 0.5140106  0.4814686  0.546174   0.5407985  0.47970253 0.5363876
 0.54742825]
2020-11-22 15:07:30[INFO] 
[ddpg][Episode: 0][Step: 9][Metric rate:399570.0 resp:0.001]Reward: -0.0 Score: 0.0 Done: False
2020-11-22 15:07:30[INFO] [ddpg][Episode: 0][Step: 9] step: 0.025931358337402344s env step: 0.01795172691345215s train step: 0.0s restart time: 0.008975505828857422s action time: 0.0009982585906982422s
2020-11-22 15:07:30[INFO] [ddpg][Episode: 0][Step: 9][Average] step: 0.025931358337402344s env step: 0.01795172691345215s train step: 0.0s restart time: 0.008975505828857422s action time: 0.0005985736846923828s
2020-11-22 15:07:30[INFO] [ddpg] Action: [0.50957364 0.49304387 0.4527799  0.51953286 0.4767699  0.47037786
 0.49893546 0.5189545  0.48557538 0.46721137 0.45394287 0.51303416
 0.5448949  0.53124774 0.45095515 0.5204679  0.45248076 0.47392076
 0.5149288  0.4977489  0.46793506 0.5287945  0.46651584 0.52043444
 0.51481605 0.4610256  0.55516267 0.5308521  0.47232547 0.5127683
 0.52817726 0.5110142  0.51128423 0.50616723 0.5160185  0.5175605
 0.5382506  0.5299859  0.52609074 0.52782184 0.53650063 0.4822981
 0.5225144  0.50166035 0.51210755 0.518733   0.52301425 0.4868079
 0.5200354  0.51626617 0.47491243 0.5303028  0.52473825 0.55392015
 0.4769464  0.46766353 0.53832024 0.4912218  0.4898334  0.48188037
 0.5162617  0.48044807 0.49222434 0.527259   0.47832388 0.47416803
 0.4910707  0.5088797  0.49302143 0.49859917 0.5095032  0.50717163
 0.46747297 0.4919869  0.5033579  0.47076327 0.4608237  0.48476225
 0.4994768  0.5300101  0.53336495 0.5032073  0.5167847  0.47105056
 0.46462163 0.5199602  0.4676364  0.49537495 0.5163195  0.4938011
 0.49310502 0.5545201  0.4923091  0.5236873  0.4875636  0.5044584
 0.5277907  0.5423258  0.51830107 0.45218134 0.49300048 0.55874866
 0.48562154 0.51301825 0.48784643 0.46264255 0.5078576  0.51256263
 0.4866883  0.517425   0.55544275 0.48062253 0.51020825 0.4975707
 0.47465885 0.5008503  0.4707767  0.5571836  0.47219563 0.51829106
 0.5062644  0.5552066  0.4819575  0.5257228  0.51847726 0.48290053
 0.519364   0.5473175  0.5389904  0.5096567  0.50566417 0.47839764
 0.48806003 0.5032846  0.45898217 0.46099043 0.5239614  0.49880445
 0.5157087  0.54271394 0.49329704 0.48518264 0.50466484 0.46944425
 0.48734233 0.49600282 0.46566403 0.5234015  0.5364045  0.5019905
 0.46536914 0.44070953 0.507045   0.5202375  0.4981593  0.48202226
 0.47709882 0.5585626  0.5234037  0.48226666 0.44771305 0.48830006
 0.47336942 0.5325087  0.4993923  0.5016678  0.50992143 0.5148069
 0.5147664  0.51031363 0.46062583 0.55636567 0.50586617 0.48054892
 0.504206   0.4924706  0.51095176 0.5152601  0.49734178 0.52894515
 0.5140106  0.4814686  0.546174   0.5407985  0.47970253 0.5363876
 0.54742825]
2020-11-22 15:07:31[INFO] 
[ddpg][Episode: 0][Step: 10][Metric rate:399570.0 resp:0.001]Reward: -0.0 Score: 0.0 Done: False
2020-11-22 15:07:31[INFO] [ddpg][Episode: 0][Step: 10] step: 0.036746978759765625s env step: 0.022778749465942383s train step: 0.0s restart time: 0.014800548553466797s action time: 0.0s
2020-11-22 15:07:31[INFO] [ddpg][Episode: 0][Step: 10][Average] step: 0.036746978759765625s env step: 0.022778749465942383s train step: 0.0s restart time: 0.014800548553466797s action time: 0.0005441578951748935s
2020-11-22 15:07:31[INFO] [ddpg] Action: [0.50957364 0.49304387 0.4527799  0.51953286 0.4767699  0.47037786
 0.49893546 0.5189545  0.48557538 0.46721137 0.45394287 0.51303416
 0.5448949  0.53124774 0.45095515 0.5204679  0.45248076 0.47392076
 0.5149288  0.4977489  0.46793506 0.5287945  0.46651584 0.52043444
 0.51481605 0.4610256  0.55516267 0.5308521  0.47232547 0.5127683
 0.52817726 0.5110142  0.51128423 0.50616723 0.5160185  0.5175605
 0.5382506  0.5299859  0.52609074 0.52782184 0.53650063 0.4822981
 0.5225144  0.50166035 0.51210755 0.518733   0.52301425 0.4868079
 0.5200354  0.51626617 0.47491243 0.5303028  0.52473825 0.55392015
 0.4769464  0.46766353 0.53832024 0.4912218  0.4898334  0.48188037
 0.5162617  0.48044807 0.49222434 0.527259   0.47832388 0.47416803
 0.4910707  0.5088797  0.49302143 0.49859917 0.5095032  0.50717163
 0.46747297 0.4919869  0.5033579  0.47076327 0.4608237  0.48476225
 0.4994768  0.5300101  0.53336495 0.5032073  0.5167847  0.47105056
 0.46462163 0.5199602  0.4676364  0.49537495 0.5163195  0.4938011
 0.49310502 0.5545201  0.4923091  0.5236873  0.4875636  0.5044584
 0.5277907  0.5423258  0.51830107 0.45218134 0.49300048 0.55874866
 0.48562154 0.51301825 0.48784643 0.46264255 0.5078576  0.51256263
 0.4866883  0.517425   0.55544275 0.48062253 0.51020825 0.4975707
 0.47465885 0.5008503  0.4707767  0.5571836  0.47219563 0.51829106
 0.5062644  0.5552066  0.4819575  0.5257228  0.51847726 0.48290053
 0.519364   0.5473175  0.5389904  0.5096567  0.50566417 0.47839764
 0.48806003 0.5032846  0.45898217 0.46099043 0.5239614  0.49880445
 0.5157087  0.54271394 0.49329704 0.48518264 0.50466484 0.46944425
 0.48734233 0.49600282 0.46566403 0.5234015  0.5364045  0.5019905
 0.46536914 0.44070953 0.507045   0.5202375  0.4981593  0.48202226
 0.47709882 0.5585626  0.5234037  0.48226666 0.44771305 0.48830006
 0.47336942 0.5325087  0.4993923  0.5016678  0.50992143 0.5148069
 0.5147664  0.51031363 0.46062583 0.55636567 0.50586617 0.48054892
 0.504206   0.4924706  0.51095176 0.5152601  0.49734178 0.52894515
 0.5140106  0.4814686  0.546174   0.5407985  0.47970253 0.5363876
 0.54742825]
2020-11-22 15:07:31[INFO] 
[ddpg][Episode: 0][Step: 11][Metric rate:399570.0 resp:0.001]Reward: -0.0 Score: 0.0 Done: False
2020-11-22 15:07:31[INFO] [ddpg][Episode: 0][Step: 11] step: 0.03290724754333496s env step: 0.02592778205871582s train step: 0.0s restart time: 0.013959884643554688s action time: 0.0s
2020-11-22 15:07:31[INFO] [ddpg][Episode: 0][Step: 11][Average] step: 0.03290724754333496s env step: 0.02592778205871582s train step: 0.0s restart time: 0.013959884643554688s action time: 0.000498811403910319s
2020-11-22 15:07:31[INFO] [ddpg] Action: [0.50957364 0.49304387 0.4527799  0.51953286 0.4767699  0.47037786
 0.49893546 0.5189545  0.48557538 0.46721137 0.45394287 0.51303416
 0.5448949  0.53124774 0.45095515 0.5204679  0.45248076 0.47392076
 0.5149288  0.4977489  0.46793506 0.5287945  0.46651584 0.52043444
 0.51481605 0.4610256  0.55516267 0.5308521  0.47232547 0.5127683
 0.52817726 0.5110142  0.51128423 0.50616723 0.5160185  0.5175605
 0.5382506  0.5299859  0.52609074 0.52782184 0.53650063 0.4822981
 0.5225144  0.50166035 0.51210755 0.518733   0.52301425 0.4868079
 0.5200354  0.51626617 0.47491243 0.5303028  0.52473825 0.55392015
 0.4769464  0.46766353 0.53832024 0.4912218  0.4898334  0.48188037
 0.5162617  0.48044807 0.49222434 0.527259   0.47832388 0.47416803
 0.4910707  0.5088797  0.49302143 0.49859917 0.5095032  0.50717163
 0.46747297 0.4919869  0.5033579  0.47076327 0.4608237  0.48476225
 0.4994768  0.5300101  0.53336495 0.5032073  0.5167847  0.47105056
 0.46462163 0.5199602  0.4676364  0.49537495 0.5163195  0.4938011
 0.49310502 0.5545201  0.4923091  0.5236873  0.4875636  0.5044584
 0.5277907  0.5423258  0.51830107 0.45218134 0.49300048 0.55874866
 0.48562154 0.51301825 0.48784643 0.46264255 0.5078576  0.51256263
 0.4866883  0.517425   0.55544275 0.48062253 0.51020825 0.4975707
 0.47465885 0.5008503  0.4707767  0.5571836  0.47219563 0.51829106
 0.5062644  0.5552066  0.4819575  0.5257228  0.51847726 0.48290053
 0.519364   0.5473175  0.5389904  0.5096567  0.50566417 0.47839764
 0.48806003 0.5032846  0.45898217 0.46099043 0.5239614  0.49880445
 0.5157087  0.54271394 0.49329704 0.48518264 0.50466484 0.46944425
 0.48734233 0.49600282 0.46566403 0.5234015  0.5364045  0.5019905
 0.46536914 0.44070953 0.507045   0.5202375  0.4981593  0.48202226
 0.47709882 0.5585626  0.5234037  0.48226666 0.44771305 0.48830006
 0.47336942 0.5325087  0.4993923  0.5016678  0.50992143 0.5148069
 0.5147664  0.51031363 0.46062583 0.55636567 0.50586617 0.48054892
 0.504206   0.4924706  0.51095176 0.5152601  0.49734178 0.52894515
 0.5140106  0.4814686  0.546174   0.5407985  0.47970253 0.5363876
 0.54742825]
2020-11-22 15:07:31[INFO] 
[ddpg][Episode: 0][Step: 12][Metric rate:399570.0 resp:0.001]Reward: -0.0 Score: 0.0 Done: False
2020-11-22 15:07:31[INFO] [ddpg][Episode: 0][Step: 12] step: 0.029910802841186523s env step: 0.016432523727416992s train step: 0.0s restart time: 0.010132074356079102s action time: 0.0s
2020-11-22 15:07:31[INFO] [ddpg][Episode: 0][Step: 12][Average] step: 0.029910802841186523s env step: 0.016432523727416992s train step: 0.0s restart time: 0.010132074356079102s action time: 0.00046044129591721756s
2020-11-22 15:07:31[INFO] [ddpg] Action: [0.50957364 0.49304387 0.4527799  0.51953286 0.4767699  0.47037786
 0.49893546 0.5189545  0.48557538 0.46721137 0.45394287 0.51303416
 0.5448949  0.53124774 0.45095515 0.5204679  0.45248076 0.47392076
 0.5149288  0.4977489  0.46793506 0.5287945  0.46651584 0.52043444
 0.51481605 0.4610256  0.55516267 0.5308521  0.47232547 0.5127683
 0.52817726 0.5110142  0.51128423 0.50616723 0.5160185  0.5175605
 0.5382506  0.5299859  0.52609074 0.52782184 0.53650063 0.4822981
 0.5225144  0.50166035 0.51210755 0.518733   0.52301425 0.4868079
 0.5200354  0.51626617 0.47491243 0.5303028  0.52473825 0.55392015
 0.4769464  0.46766353 0.53832024 0.4912218  0.4898334  0.48188037
 0.5162617  0.48044807 0.49222434 0.527259   0.47832388 0.47416803
 0.4910707  0.5088797  0.49302143 0.49859917 0.5095032  0.50717163
 0.46747297 0.4919869  0.5033579  0.47076327 0.4608237  0.48476225
 0.4994768  0.5300101  0.53336495 0.5032073  0.5167847  0.47105056
 0.46462163 0.5199602  0.4676364  0.49537495 0.5163195  0.4938011
 0.49310502 0.5545201  0.4923091  0.5236873  0.4875636  0.5044584
 0.5277907  0.5423258  0.51830107 0.45218134 0.49300048 0.55874866
 0.48562154 0.51301825 0.48784643 0.46264255 0.5078576  0.51256263
 0.4866883  0.517425   0.55544275 0.48062253 0.51020825 0.4975707
 0.47465885 0.5008503  0.4707767  0.5571836  0.47219563 0.51829106
 0.5062644  0.5552066  0.4819575  0.5257228  0.51847726 0.48290053
 0.519364   0.5473175  0.5389904  0.5096567  0.50566417 0.47839764
 0.48806003 0.5032846  0.45898217 0.46099043 0.5239614  0.49880445
 0.5157087  0.54271394 0.49329704 0.48518264 0.50466484 0.46944425
 0.48734233 0.49600282 0.46566403 0.5234015  0.5364045  0.5019905
 0.46536914 0.44070953 0.507045   0.5202375  0.4981593  0.48202226
 0.47709882 0.5585626  0.5234037  0.48226666 0.44771305 0.48830006
 0.47336942 0.5325087  0.4993923  0.5016678  0.50992143 0.5148069
 0.5147664  0.51031363 0.46062583 0.55636567 0.50586617 0.48054892
 0.504206   0.4924706  0.51095176 0.5152601  0.49734178 0.52894515
 0.5140106  0.4814686  0.546174   0.5407985  0.47970253 0.5363876
 0.54742825]
2020-11-22 15:07:31[INFO] 
[ddpg][Episode: 0][Step: 13][Metric rate:399570.0 resp:0.001]Reward: -0.0 Score: 0.0 Done: False
2020-11-22 15:07:31[INFO] [ddpg][Episode: 0][Step: 13] step: 0.03443312644958496s env step: 0.01996445655822754s train step: 0.0s restart time: 0.01398015022277832s action time: 0.0009968280792236328s
2020-11-22 15:07:31[INFO] [ddpg][Episode: 0][Step: 13][Average] step: 0.03443312644958496s env step: 0.01996445655822754s train step: 0.0s restart time: 0.01398015022277832s action time: 0.0004987546375819615s
2020-11-22 15:07:31[INFO] [ddpg] Action: [0.50957364 0.49304387 0.4527799  0.51953286 0.4767699  0.47037786
 0.49893546 0.5189545  0.48557538 0.46721137 0.45394287 0.51303416
 0.5448949  0.53124774 0.45095515 0.5204679  0.45248076 0.47392076
 0.5149288  0.4977489  0.46793506 0.5287945  0.46651584 0.52043444
 0.51481605 0.4610256  0.55516267 0.5308521  0.47232547 0.5127683
 0.52817726 0.5110142  0.51128423 0.50616723 0.5160185  0.5175605
 0.5382506  0.5299859  0.52609074 0.52782184 0.53650063 0.4822981
 0.5225144  0.50166035 0.51210755 0.518733   0.52301425 0.4868079
 0.5200354  0.51626617 0.47491243 0.5303028  0.52473825 0.55392015
 0.4769464  0.46766353 0.53832024 0.4912218  0.4898334  0.48188037
 0.5162617  0.48044807 0.49222434 0.527259   0.47832388 0.47416803
 0.4910707  0.5088797  0.49302143 0.49859917 0.5095032  0.50717163
 0.46747297 0.4919869  0.5033579  0.47076327 0.4608237  0.48476225
 0.4994768  0.5300101  0.53336495 0.5032073  0.5167847  0.47105056
 0.46462163 0.5199602  0.4676364  0.49537495 0.5163195  0.4938011
 0.49310502 0.5545201  0.4923091  0.5236873  0.4875636  0.5044584
 0.5277907  0.5423258  0.51830107 0.45218134 0.49300048 0.55874866
 0.48562154 0.51301825 0.48784643 0.46264255 0.5078576  0.51256263
 0.4866883  0.517425   0.55544275 0.48062253 0.51020825 0.4975707
 0.47465885 0.5008503  0.4707767  0.5571836  0.47219563 0.51829106
 0.5062644  0.5552066  0.4819575  0.5257228  0.51847726 0.48290053
 0.519364   0.5473175  0.5389904  0.5096567  0.50566417 0.47839764
 0.48806003 0.5032846  0.45898217 0.46099043 0.5239614  0.49880445
 0.5157087  0.54271394 0.49329704 0.48518264 0.50466484 0.46944425
 0.48734233 0.49600282 0.46566403 0.5234015  0.5364045  0.5019905
 0.46536914 0.44070953 0.507045   0.5202375  0.4981593  0.48202226
 0.47709882 0.5585626  0.5234037  0.48226666 0.44771305 0.48830006
 0.47336942 0.5325087  0.4993923  0.5016678  0.50992143 0.5148069
 0.5147664  0.51031363 0.46062583 0.55636567 0.50586617 0.48054892
 0.504206   0.4924706  0.51095176 0.5152601  0.49734178 0.52894515
 0.5140106  0.4814686  0.546174   0.5407985  0.47970253 0.5363876
 0.54742825]
2020-11-22 15:07:31[INFO] 
[ddpg][Episode: 0][Step: 14][Metric rate:399570.0 resp:0.001]Reward: -0.0 Score: 0.0 Done: False
2020-11-22 15:07:31[INFO] [ddpg][Episode: 0][Step: 14] step: 0.03291583061218262s env step: 0.01895284652709961s train step: 0.0s restart time: 0.012968778610229492s action time: 0.000997781753540039s
2020-11-22 15:07:31[INFO] [ddpg][Episode: 0][Step: 14][Average] step: 0.03291583061218262s env step: 0.01895284652709961s train step: 0.0s restart time: 0.012968778610229492s action time: 0.0005320231119791667s
2020-11-22 15:07:31[INFO] [ddpg] Action: [0.50957364 0.49304387 0.4527799  0.51953286 0.4767699  0.47037786
 0.49893546 0.5189545  0.48557538 0.46721137 0.45394287 0.51303416
 0.5448949  0.53124774 0.45095515 0.5204679  0.45248076 0.47392076
 0.5149288  0.4977489  0.46793506 0.5287945  0.46651584 0.52043444
 0.51481605 0.4610256  0.55516267 0.5308521  0.47232547 0.5127683
 0.52817726 0.5110142  0.51128423 0.50616723 0.5160185  0.5175605
 0.5382506  0.5299859  0.52609074 0.52782184 0.53650063 0.4822981
 0.5225144  0.50166035 0.51210755 0.518733   0.52301425 0.4868079
 0.5200354  0.51626617 0.47491243 0.5303028  0.52473825 0.55392015
 0.4769464  0.46766353 0.53832024 0.4912218  0.4898334  0.48188037
 0.5162617  0.48044807 0.49222434 0.527259   0.47832388 0.47416803
 0.4910707  0.5088797  0.49302143 0.49859917 0.5095032  0.50717163
 0.46747297 0.4919869  0.5033579  0.47076327 0.4608237  0.48476225
 0.4994768  0.5300101  0.53336495 0.5032073  0.5167847  0.47105056
 0.46462163 0.5199602  0.4676364  0.49537495 0.5163195  0.4938011
 0.49310502 0.5545201  0.4923091  0.5236873  0.4875636  0.5044584
 0.5277907  0.5423258  0.51830107 0.45218134 0.49300048 0.55874866
 0.48562154 0.51301825 0.48784643 0.46264255 0.5078576  0.51256263
 0.4866883  0.517425   0.55544275 0.48062253 0.51020825 0.4975707
 0.47465885 0.5008503  0.4707767  0.5571836  0.47219563 0.51829106
 0.5062644  0.5552066  0.4819575  0.5257228  0.51847726 0.48290053
 0.519364   0.5473175  0.5389904  0.5096567  0.50566417 0.47839764
 0.48806003 0.5032846  0.45898217 0.46099043 0.5239614  0.49880445
 0.5157087  0.54271394 0.49329704 0.48518264 0.50466484 0.46944425
 0.48734233 0.49600282 0.46566403 0.5234015  0.5364045  0.5019905
 0.46536914 0.44070953 0.507045   0.5202375  0.4981593  0.48202226
 0.47709882 0.5585626  0.5234037  0.48226666 0.44771305 0.48830006
 0.47336942 0.5325087  0.4993923  0.5016678  0.50992143 0.5148069
 0.5147664  0.51031363 0.46062583 0.55636567 0.50586617 0.48054892
 0.504206   0.4924706  0.51095176 0.5152601  0.49734178 0.52894515
 0.5140106  0.4814686  0.546174   0.5407985  0.47970253 0.5363876
 0.54742825]
2020-11-22 15:07:31[INFO] 
[ddpg][Episode: 0][Step: 15][Metric rate:399570.0 resp:0.001]Reward: -0.0 Score: 0.0 Done: False
2020-11-22 15:07:31[INFO] [ddpg][Episode: 0][Step: 15] step: 0.033910274505615234s env step: 0.024933338165283203s train step: 0.0s restart time: 0.009972572326660156s action time: 0.0009987354278564453s
2020-11-22 15:07:31[INFO] [ddpg][Episode: 0][Step: 15][Average] step: 0.033910274505615234s env step: 0.024933338165283203s train step: 0.0s restart time: 0.009972572326660156s action time: 0.0005611926317214966s
2020-11-22 15:07:31[INFO] [ddpg] Action: [0.50957364 0.49304387 0.4527799  0.51953286 0.4767699  0.47037786
 0.49893546 0.5189545  0.48557538 0.46721137 0.45394287 0.51303416
 0.5448949  0.53124774 0.45095515 0.5204679  0.45248076 0.47392076
 0.5149288  0.4977489  0.46793506 0.5287945  0.46651584 0.52043444
 0.51481605 0.4610256  0.55516267 0.5308521  0.47232547 0.5127683
 0.52817726 0.5110142  0.51128423 0.50616723 0.5160185  0.5175605
 0.5382506  0.5299859  0.52609074 0.52782184 0.53650063 0.4822981
 0.5225144  0.50166035 0.51210755 0.518733   0.52301425 0.4868079
 0.5200354  0.51626617 0.47491243 0.5303028  0.52473825 0.55392015
 0.4769464  0.46766353 0.53832024 0.4912218  0.4898334  0.48188037
 0.5162617  0.48044807 0.49222434 0.527259   0.47832388 0.47416803
 0.4910707  0.5088797  0.49302143 0.49859917 0.5095032  0.50717163
 0.46747297 0.4919869  0.5033579  0.47076327 0.4608237  0.48476225
 0.4994768  0.5300101  0.53336495 0.5032073  0.5167847  0.47105056
 0.46462163 0.5199602  0.4676364  0.49537495 0.5163195  0.4938011
 0.49310502 0.5545201  0.4923091  0.5236873  0.4875636  0.5044584
 0.5277907  0.5423258  0.51830107 0.45218134 0.49300048 0.55874866
 0.48562154 0.51301825 0.48784643 0.46264255 0.5078576  0.51256263
 0.4866883  0.517425   0.55544275 0.48062253 0.51020825 0.4975707
 0.47465885 0.5008503  0.4707767  0.5571836  0.47219563 0.51829106
 0.5062644  0.5552066  0.4819575  0.5257228  0.51847726 0.48290053
 0.519364   0.5473175  0.5389904  0.5096567  0.50566417 0.47839764
 0.48806003 0.5032846  0.45898217 0.46099043 0.5239614  0.49880445
 0.5157087  0.54271394 0.49329704 0.48518264 0.50466484 0.46944425
 0.48734233 0.49600282 0.46566403 0.5234015  0.5364045  0.5019905
 0.46536914 0.44070953 0.507045   0.5202375  0.4981593  0.48202226
 0.47709882 0.5585626  0.5234037  0.48226666 0.44771305 0.48830006
 0.47336942 0.5325087  0.4993923  0.5016678  0.50992143 0.5148069
 0.5147664  0.51031363 0.46062583 0.55636567 0.50586617 0.48054892
 0.504206   0.4924706  0.51095176 0.5152601  0.49734178 0.52894515
 0.5140106  0.4814686  0.546174   0.5407985  0.47970253 0.5363876
 0.54742825]
2020-11-22 15:07:31[INFO] 
[ddpg][Episode: 0][Step: 16][Metric rate:399570.0 resp:0.001]Reward: -0.0 Score: 0.0 Done: False
