2020-11-22 15:06:00[INFO] 
[Env initialized][Metric rate: 399570.0 resp: 0.001]
2020-11-22 15:06:00[INFO] [ddpg] Action: [0.48656803 0.5012827  0.47859126 0.52577645 0.5006888  0.49938017
 0.54612666 0.5457866  0.49380922 0.50552815 0.49026862 0.49974132
 0.4627345  0.5008462  0.48964226 0.55466545 0.5377889  0.4555308
 0.53949827 0.49100062 0.5736958  0.52570987 0.51624006 0.49903378
 0.49904487 0.50333524 0.5032987  0.4676818  0.52455854 0.527893
 0.5090956  0.44814056 0.5154857  0.52232236 0.47061738 0.47306687
 0.51255685 0.47406968 0.47641844 0.45047283 0.4570542  0.5432586
 0.4375174  0.5114953  0.5289207  0.4736753  0.5219787  0.48149976
 0.509467   0.52350634 0.49430203 0.48499617 0.5356256  0.5016414
 0.5368839  0.48668912 0.5688159  0.45340297 0.5312544  0.49363115
 0.49330348 0.51926935 0.52204645 0.49589866 0.4860938  0.5321961
 0.4992033  0.46231136 0.45485783 0.48132268 0.5019525  0.5182467
 0.50692904 0.53280675 0.53552437 0.4531888  0.47753713 0.47434682
 0.52111983 0.5295919  0.5090241  0.50809604 0.47033566 0.49005827
 0.49383208 0.5350007  0.4526801  0.52728975 0.44963104 0.45312616
 0.46948114 0.4610852  0.49587992 0.4949735  0.48549545 0.47169867
 0.50260377 0.54158914 0.47190204 0.48292688 0.5236453  0.48543012
 0.49866828 0.5388931  0.5356669  0.5151096  0.49010032 0.42479092
 0.5385877  0.5107827  0.49457085 0.52346677 0.48587316 0.5910504
 0.5156651  0.48981065 0.49477354 0.4938928  0.4888694  0.50734645
 0.51905245 0.49424076 0.5340749  0.49411464 0.49202067 0.46593168
 0.4910252  0.4627335  0.48740768 0.4811967  0.5280093  0.45895576
 0.55473065 0.44967723 0.47084528 0.47680295 0.48188862 0.54256487
 0.53988713 0.46171084 0.51137775 0.5414084  0.47473922 0.4889208
 0.46940264 0.5024393  0.4570479  0.5115089  0.5152933  0.44846195
 0.44340077 0.55706567 0.5618194  0.5239623  0.50733805 0.48487628
 0.47326344 0.5100818  0.49015415 0.52809423 0.50215644 0.5115832
 0.52008367 0.47439644 0.51328796 0.5379705  0.49047455 0.48539752
 0.4933765  0.5192493  0.4811944  0.53841    0.4659495  0.5112732
 0.5092399  0.4675703  0.5308665  0.4805596  0.48160553 0.5494964
 0.50931925 0.52134025 0.47550872 0.5119858  0.49276513 0.51789796
 0.45237762]
2020-11-22 15:06:00[INFO] 
[ddpg][Episode: 0][Step: 0][Metric rate:399570.0 resp:0.001]Reward: -0.0 Score: 0.0 Done: False
