2020-11-18 17:02:39[INFO] 
[Env initialized][Metric rate: 399570.0 resp: 0.001]
2020-11-18 17:02:39[INFO] [ddpg] Action: [0.5261858  0.473984   0.4798406  0.460055   0.4850655  0.50901794
 0.47350368 0.49435237 0.47807676 0.47212237 0.48219126 0.53382427
 0.50711524 0.49085075 0.47667897 0.53211313 0.5069147  0.47214064
 0.5344635  0.4637048  0.49115172 0.48121366 0.5146189  0.49245694
 0.51832193 0.5376176  0.48580152 0.51341665 0.5077154  0.53332454
 0.52184385 0.44870734 0.52059525 0.55183446 0.49607226 0.49844548
 0.51962924 0.46679315 0.4682095  0.48285916 0.47938716 0.5179754
 0.52224183 0.48113915 0.4855172  0.48265314 0.5253527  0.5053344
 0.50412565 0.5240206  0.45995894 0.508658   0.5081442  0.5105685
 0.47985286 0.50333834 0.49921232 0.47972986 0.57062924 0.46395013
 0.49585083 0.48994368 0.50820124 0.50127953 0.48001117 0.52121764
 0.522781   0.5478951  0.48706052 0.48869792 0.516996   0.46631745
 0.5194758  0.48932946 0.5181035  0.4913112  0.543205   0.47551814
 0.5320221  0.5392711  0.5538995  0.527829   0.4701498  0.55110013
 0.5171983  0.5182228  0.515032   0.5104621  0.5314241  0.5327156
 0.52674735 0.52522695 0.5348436  0.5165989  0.5068552  0.46283865
 0.47247833 0.48550254 0.54602784 0.5027541  0.49457172 0.48002294
 0.5016217  0.4927843  0.47179726 0.5332365  0.51537335 0.4868301
 0.5723548  0.47956026 0.51023215 0.5077232  0.48597303 0.5272745
 0.54378456 0.48266235 0.5529163  0.4916594  0.48400956 0.49193954
 0.5376034  0.45827296 0.4696038  0.4985514  0.5016901  0.51862717
 0.50971043 0.4997512  0.5092305  0.5083528  0.4726198  0.504527
 0.51381534 0.4788626  0.49212354 0.4690033  0.48121625 0.51194024
 0.5403568  0.51532865 0.5245539  0.540291   0.57104284 0.5085887
 0.48754978 0.48637322 0.48711368 0.52121377 0.5499803  0.49639365
 0.476346   0.47914183 0.49740124 0.5153391  0.49653447 0.48596257
 0.4768024  0.53476363 0.49919567 0.51909643 0.49266553 0.51778626
 0.5008318  0.48303512 0.52402794 0.5137841  0.51482683 0.53726727
 0.4866299  0.48816842 0.4872857  0.46560687 0.49255595 0.5395606
 0.4761785  0.4915005  0.49868572 0.48915574 0.4731077  0.5135641
 0.5215871  0.4447658  0.52180207 0.47981328 0.4873941  0.49732083
 0.54652995]
2020-11-18 17:02:39[INFO] 
[ddpg][Episode: 0][Step: 0][Metric rate:399570.0 resp:0.001]Reward: None Score: 0.0 Done: False
