2020-11-18 16:58:00[INFO] 
[Env initialized][Metric rate: 399570.0 resp: 0.001]
2020-11-18 16:58:00[INFO] [ddpg] Action: [0.48280442 0.5209918  0.5743207  0.49263912 0.48568177 0.5050505
 0.5189121  0.47518003 0.5277978  0.48795998 0.49420837 0.51722425
 0.43621165 0.47887728 0.53867733 0.47145382 0.4752814  0.49204487
 0.4847494  0.53961706 0.5204355  0.50185204 0.48950666 0.47723755
 0.48268852 0.51939905 0.51220524 0.4948675  0.484713   0.4708918
 0.45074958 0.5234804  0.5424497  0.5099712  0.51462483 0.47244176
 0.48317534 0.49994075 0.52508503 0.49161053 0.46718326 0.51786137
 0.48905557 0.48856208 0.4976988  0.47313628 0.5124805  0.438687
 0.511159   0.46926156 0.4934933  0.47431397 0.52971375 0.4970426
 0.49745575 0.5114987  0.5151223  0.52389    0.5133685  0.4941738
 0.4735612  0.5435927  0.50098246 0.4895606  0.47312453 0.4698998
 0.53566384 0.5020894  0.52059156 0.45633304 0.48492563 0.54043734
 0.50360334 0.47410762 0.47978354 0.51701266 0.55304545 0.5135114
 0.50988996 0.4854076  0.5342914  0.53569895 0.45004585 0.5271791
 0.5218342  0.47865573 0.5221352  0.53552735 0.4683243  0.52513707
 0.488828   0.51092744 0.4793819  0.52399796 0.52039033 0.47508907
 0.52194    0.43377408 0.5097295  0.5051598  0.4981     0.49433932
 0.46146983 0.4889028  0.5124891  0.48799235 0.541955   0.48158202
 0.48406488 0.4490087  0.50230104 0.49136046 0.5224876  0.50327873
 0.46226406 0.49131837 0.5129489  0.48920467 0.53027254 0.5104069
 0.4517964  0.5143518  0.4881049  0.53174305 0.5147741  0.47081104
 0.4954564  0.51568776 0.5097995  0.48728222 0.50517935 0.4692514
 0.53070396 0.5388241  0.5170158  0.53482676 0.5152549  0.4687118
 0.4830873  0.47069374 0.50407517 0.49888545 0.46316326 0.5003425
 0.48547578 0.46728292 0.4324828  0.51832575 0.50045264 0.50760686
 0.51687866 0.5299743  0.54527336 0.49179292 0.46227857 0.5370507
 0.46086603 0.5332265  0.51960456 0.5139585  0.5172588  0.52966595
 0.53024364 0.51599735 0.51387084 0.473589   0.5180316  0.48368517
 0.46493772 0.51112646 0.48229864 0.46628237 0.52092254 0.53167593
 0.52001315 0.46900854 0.5168601  0.52060264 0.47588012 0.4780246
 0.50433487 0.5382273  0.535954   0.5121957  0.56218517 0.4941671
 0.48684466]
2020-11-18 16:58:00[INFO] 
[ddpg][Episode: 0][Step: 0][Metric rate:399570.0 resp:0.001]Reward: None Score: 0.0 Done: False
