2020-11-18 16:54:55[INFO] 
[Env initialized][Metric rate: 399570.0 resp: 0.001]
2020-11-18 16:54:55[INFO] [ddpg] Action: [0.470021   0.54094106 0.47062373 0.5114506  0.5150647  0.5145823
 0.4715541  0.5226905  0.4647447  0.5103017  0.50559574 0.49458018
 0.5102023  0.48216054 0.49635372 0.5332541  0.5129047  0.49883103
 0.50459015 0.5102883  0.52195543 0.5566551  0.5070467  0.5325985
 0.4623036  0.5132892  0.5349079  0.5361235  0.54347837 0.5064796
 0.46914813 0.5075961  0.49642396 0.49742848 0.48858285 0.53947735
 0.45711246 0.4727113  0.49748984 0.5110592  0.45309618 0.5223025
 0.47463104 0.51702446 0.46549866 0.51523006 0.5272841  0.52054375
 0.50177217 0.5041049  0.4921921  0.5211458  0.4978434  0.5236978
 0.50978065 0.50528866 0.4673082  0.47512105 0.4413248  0.49821872
 0.48026043 0.535515   0.48768458 0.5289863  0.54954445 0.48465163
 0.5175603  0.48709214 0.52638435 0.49427727 0.4837817  0.5430662
 0.5329853  0.50338906 0.504415   0.5085335  0.53640574 0.5275586
 0.53371996 0.47162345 0.51278394 0.49685937 0.5230823  0.5025133
 0.5026583  0.46703073 0.50180036 0.51447636 0.5136089  0.53968686
 0.50819474 0.4795652  0.4675553  0.5289001  0.5236585  0.5071785
 0.4927659  0.54220915 0.48229006 0.49631184 0.48441228 0.5015119
 0.48946312 0.535428   0.48905593 0.5403711  0.5012869  0.4823738
 0.4982497  0.45329842 0.46024886 0.50561005 0.52463806 0.53685045
 0.47041818 0.528789   0.48611972 0.5184963  0.52206653 0.4773152
 0.49400663 0.48039997 0.5194419  0.532495   0.5376346  0.47744483
 0.49567106 0.5224787  0.5019098  0.47470582 0.49794555 0.49146363
 0.51053596 0.49468493 0.50394493 0.5187944  0.4742434  0.4967458
 0.49133307 0.52777493 0.477089   0.4998956  0.5074479  0.50902176
 0.49154502 0.46964708 0.55932665 0.5082512  0.5257454  0.49662513
 0.4748814  0.49815208 0.51229084 0.5521095  0.5395673  0.51805925
 0.541205   0.47748014 0.46189183 0.47702974 0.48036465 0.5213534
 0.52796316 0.5034138  0.53794795 0.47810158 0.47811434 0.47376928
 0.4880498  0.46950552 0.45898318 0.49342042 0.49166042 0.51465034
 0.52347124 0.5118694  0.44558072 0.5227146  0.5170542  0.48721406
 0.50502664 0.5029476  0.50633854 0.4643898  0.5340917  0.5138534
 0.48809123]
2020-11-18 16:54:55[INFO] 
[ddpg][Episode: 0][Step: 0][Metric rate:399570.0 resp:0.001]Reward: None Score: 0.0 Done: False
