2020-11-22 15:00:32[INFO] 
[Env initialized][Metric rate: 399570.0 resp: 0.001]
2020-11-22 15:00:32[INFO] [ddpg] Action: [0.46243724 0.47594345 0.4834324  0.49058917 0.502874   0.45800376
 0.5243587  0.50331825 0.5067562  0.54260415 0.5214896  0.49830726
 0.52620983 0.5613505  0.47345108 0.47147334 0.4726853  0.51482344
 0.47312498 0.47186413 0.51482713 0.52459204 0.48700723 0.47069427
 0.47089276 0.4865986  0.47595096 0.48724553 0.47880346 0.5190011
 0.46992987 0.54669064 0.4898288  0.5338153  0.4782055  0.4927177
 0.5094162  0.5201073  0.4665559  0.5163167  0.52977085 0.5478018
 0.52437997 0.5198198  0.47928318 0.53256637 0.5042158  0.4998117
 0.47698557 0.47870696 0.5035806  0.4644541  0.5145242  0.46804366
 0.49539286 0.47451484 0.4936013  0.5191673  0.46029016 0.4715437
 0.48271868 0.5277721  0.5227146  0.4640037  0.4648471  0.5426076
 0.52304184 0.55358577 0.49926603 0.4919236  0.4661861  0.5626761
 0.4546615  0.53264123 0.5080576  0.49981993 0.50152206 0.48815098
 0.4322219  0.49047777 0.5282238  0.50405955 0.5122559  0.53501236
 0.51331764 0.5081813  0.48484686 0.48846182 0.54172295 0.48747033
 0.5082534  0.47326478 0.4572493  0.490264   0.5039701  0.49003425
 0.51996744 0.49592847 0.47494823 0.49996984 0.5298777  0.513379
 0.5202812  0.5111814  0.5224486  0.47116286 0.485614   0.4931106
 0.49199483 0.49390465 0.5074769  0.49734536 0.4971799  0.53049517
 0.5293321  0.54632264 0.50204515 0.5410012  0.5596388  0.4639975
 0.4942135  0.50950354 0.5333718  0.5154926  0.4596218  0.50449646
 0.4851079  0.4988963  0.54354465 0.5089346  0.48810047 0.4773382
 0.53039736 0.53718853 0.4704376  0.5205777  0.5023762  0.47471893
 0.51776195 0.47358236 0.48036268 0.48243394 0.48654366 0.4696746
 0.51640934 0.48878682 0.47026587 0.46341032 0.5323184  0.49940863
 0.51784956 0.520884   0.47239685 0.46212634 0.47096854 0.50985146
 0.49315575 0.47860837 0.4772666  0.50327766 0.49928293 0.5196895
 0.5442628  0.47644106 0.53467864 0.5148288  0.46917027 0.51227987
 0.49400902 0.52466005 0.45049214 0.45954278 0.5091083  0.48335496
 0.5190603  0.47294915 0.53488845 0.4851328  0.54127973 0.531483
 0.47300717 0.51086897 0.48133412 0.53589404 0.5495916  0.51610696
 0.5157453 ]
2020-11-22 15:00:32[INFO] 
[ddpg][Episode: 0][Step: 0][Metric rate:399570.0 resp:0.001]Reward: -0.0 Score: 0.0 Done: False
