2020-11-19 21:17:34[INFO] 
[Env initialized][Metric rate: 399570.0 resp: 0.001]
2020-11-19 21:17:34[INFO] [ddpg] Action: [0.5202582  0.4762582  0.5274171  0.5323201  0.5598301  0.4769187
 0.45210892 0.47325653 0.50669146 0.51667726 0.52245927 0.4758412
 0.5073329  0.5061273  0.45347652 0.48602214 0.45987633 0.529068
 0.49130407 0.47075382 0.47760656 0.52051735 0.5294451  0.46663594
 0.50210303 0.5232255  0.5311685  0.47483888 0.5226997  0.5107809
 0.47192737 0.53446513 0.46636862 0.51354575 0.5292254  0.521662
 0.5427077  0.4894633  0.4784864  0.49897167 0.4949605  0.48901635
 0.52952737 0.46538296 0.53528917 0.5550853  0.51332176 0.5248139
 0.53582186 0.48568717 0.5287266  0.48826241 0.48773456 0.46891993
 0.5239538  0.48425516 0.4856968  0.49649796 0.51693666 0.5088107
 0.46932086 0.51377386 0.5354415  0.5108427  0.4886967  0.5185372
 0.4580379  0.46349445 0.4791451  0.5114007  0.4845926  0.48248369
 0.5045244  0.5062644  0.5089597  0.46807355 0.4542094  0.4834123
 0.499157   0.5248972  0.54381746 0.5115089  0.45244828 0.42363024
 0.5427925  0.49923357 0.47298414 0.5063471  0.47267836 0.51556957
 0.50428236 0.4917305  0.47460708 0.46576694 0.463594   0.48907462
 0.48096606 0.525618   0.491283   0.49965453 0.47183302 0.47783557
 0.5189085  0.47211912 0.47064823 0.54800606 0.5368617  0.49611422
 0.5227511  0.51950115 0.45925954 0.4741306  0.54551125 0.51202625
 0.49072838 0.5411441  0.51229817 0.45541507 0.5023197  0.52342176
 0.4859852  0.5186523  0.4640188  0.52198106 0.49978635 0.5205146
 0.4780828  0.48313203 0.50714976 0.47512007 0.45300093 0.5079208
 0.56889445 0.511893   0.50409436 0.4979017  0.4875482  0.5094378
 0.5203765  0.507664   0.51463956 0.47410366 0.4930572  0.48413795
 0.49910623 0.5052639  0.5027331  0.5202193  0.5237719  0.52466255
 0.48019367 0.5208155  0.4955718  0.47668868 0.51314247 0.49728274
 0.5557039  0.47197345 0.4840146  0.5202172  0.50415426 0.50651026
 0.505266   0.5164511  0.48706663 0.5299802  0.5214156  0.5031624
 0.47395536 0.50657374 0.5251905  0.4969703  0.45785812 0.5410451
 0.5259676  0.4473469  0.50080365 0.51881635 0.49831343 0.5453369
 0.4876558  0.54163074 0.4905816  0.4740176  0.51154137 0.542211
 0.45089987]
2020-11-19 21:17:35[INFO] 
[ddpg][Episode: 0][Step: 0][Metric rate:399570.0 resp:0.001]Reward: -0.0 Score: 0.0 Done: False
