2020-11-18 16:51:47[INFO] 
[Env initialized][Metric rate: 399570.0 resp: 0.001]
2020-11-18 16:51:47[INFO] [ddpg] Action: [0.46984312 0.55291134 0.47788033 0.47074193 0.5308389  0.47212473
 0.43263647 0.5322291  0.5057868  0.4880846  0.5498386  0.53425616
 0.5270632  0.5055642  0.48965684 0.4847108  0.48348054 0.53806597
 0.48994473 0.5046496  0.5100975  0.51671344 0.56711006 0.5136487
 0.52348036 0.5293942  0.4992619  0.5344496  0.4887196  0.45144668
 0.4767524  0.49752772 0.51057214 0.48033467 0.46586934 0.45706773
 0.46522072 0.5123364  0.5214646  0.50585014 0.48763162 0.5579609
 0.51274925 0.47732702 0.5160993  0.50900215 0.5222609  0.48486355
 0.49672017 0.5380647  0.4809518  0.48384687 0.5211235  0.50218695
 0.50828356 0.5343949  0.53898597 0.45024145 0.46275195 0.47746074
 0.5263866  0.50173086 0.4695301  0.47502786 0.45938918 0.5249219
 0.49288982 0.52229613 0.4995648  0.4895859  0.5069438  0.48963323
 0.45321944 0.50114036 0.52648085 0.45344886 0.5242248  0.50577074
 0.4425976  0.482393   0.5001305  0.49462315 0.49427053 0.48968932
 0.5214908  0.4837033  0.5128029  0.4997374  0.5020911  0.52200025
 0.5474353  0.47620606 0.4554171  0.4805942  0.51159406 0.5332918
 0.48028082 0.46292293 0.5264109  0.5121719  0.4899383  0.5148072
 0.52252644 0.5068281  0.5445256  0.51417005 0.5384213  0.46167016
 0.53810817 0.49973282 0.5325969  0.50182545 0.47877356 0.48157206
 0.5466189  0.54995835 0.529175   0.4582169  0.49048162 0.50401324
 0.50047565 0.49934947 0.4497127  0.49686444 0.49118888 0.50204605
 0.45878115 0.46985832 0.52901834 0.48384452 0.52479297 0.5356273
 0.4640808  0.51621306 0.47731528 0.49130255 0.50631094 0.51810294
 0.44542184 0.47862267 0.5156238  0.5076963  0.46640176 0.5187262
 0.49900064 0.49993348 0.4964831  0.46998477 0.5176194  0.4756685
 0.5277011  0.51155317 0.5410725  0.5621554  0.49800858 0.5273964
 0.4808776  0.48903504 0.51092255 0.5128752  0.51434076 0.47018403
 0.48297104 0.5299499  0.49476185 0.47296056 0.49876007 0.48603556
 0.51166314 0.49493998 0.47759715 0.51228845 0.48762092 0.52186406
 0.4924167  0.5621918  0.4632939  0.5146515  0.49455276 0.5195464
 0.48906323 0.46941546 0.49605516 0.48601398 0.51514995 0.5253814
 0.47975564]
2020-11-18 16:51:47[INFO] 
[ddpg][Episode: 0][Step: 0][Metric rate:399570.0 resp:0.001]Reward: None Score: 0.0 Done: False
